TN:
SF:D:\taro\amazing-ui\src\svg.js
FN:1,(anonymous_0)
FN:1,(anonymous_1)
FN:1,(anonymous_2)
FN:1,(anonymous_3)
FN:1,(anonymous_4)
FN:1,(anonymous_5)
FN:1,(anonymous_6)
FN:1,(anonymous_7)
FN:1,(anonymous_8)
FNF:9
FNH:6
FNDA:14,(anonymous_0)
FNDA:14,(anonymous_1)
FNDA:14,(anonymous_2)
FNDA:0,(anonymous_3)
FNDA:0,(anonymous_4)
FNDA:0,(anonymous_5)
FNDA:14,(anonymous_6)
FNDA:14,(anonymous_7)
FNDA:14,(anonymous_8)
DA:1,14
LF:1
LH:1
BRDA:1,0,0,0
BRDA:1,0,1,14
BRDA:1,1,0,14
BRDA:1,1,1,0
BRDA:1,2,0,0
BRDA:1,2,1,0
BRDA:1,3,0,14
BRDA:1,3,1,0
BRDA:1,4,0,0
BRDA:1,4,1,14
BRDA:1,5,0,0
BRDA:1,5,1,0
BRDA:1,6,0,0
BRDA:1,6,1,0
BRDA:1,7,0,0
BRDA:1,7,1,0
BRDA:1,8,0,14
BRDA:1,8,1,14
BRDA:1,9,0,14
BRDA:1,9,1,0
BRF:20
BRH:7
end_of_record
TN:
SF:D:\taro\amazing-ui\src\icon.vue
FNF:0
FNH:0
LF:0
LH:0
BRF:0
BRH:0
end_of_record
TN:
SF:D:\taro\amazing-ui\src\button\button.vue
FN:25,(anonymous_0)
FNF:1
FNH:1
FNDA:9,(anonymous_0)
DA:26,9
LF:1
LH:1
BRDA:26,0,0,9
BRDA:26,0,1,1
BRF:2
BRH:2
end_of_record
TN:
SF:D:\taro\amazing-ui\tests\unit\button.spec.js
FN:10,(anonymous_0)
FN:11,(anonymous_1)
FN:14,(anonymous_2)
FN:15,(anonymous_3)
FN:24,(anonymous_4)
FN:34,(anonymous_5)
FN:47,(anonymous_6)
FN:61,(anonymous_7)
FN:62,(anonymous_8)
FNF:9
FNH:9
FNDA:1,(anonymous_0)
FNDA:1,(anonymous_1)
FNDA:1,(anonymous_2)
FNDA:1,(anonymous_3)
FNDA:1,(anonymous_4)
FNDA:1,(anonymous_5)
FNDA:1,(anonymous_6)
FNDA:1,(anonymous_7)
FNDA:1,(anonymous_8)
DA:4,1
DA:10,1
DA:11,1
DA:12,1
DA:14,1
DA:15,1
DA:16,1
DA:21,1
DA:22,1
DA:24,1
DA:25,1
DA:30,1
DA:31,1
DA:32,1
DA:34,1
DA:35,1
DA:42,1
DA:43,1
DA:44,1
DA:45,1
DA:47,1
DA:48,1
DA:55,1
DA:56,1
DA:57,1
DA:58,1
DA:61,1
DA:62,1
DA:63,1
DA:68,1
DA:69,1
DA:70,1
DA:71,1
DA:72,1
LF:34
LH:34
BRF:0
BRH:0
end_of_record
TN:
SF:D:\taro\amazing-ui\src\checkbox\index.vue
FN:46,(anonymous_0)
FN:55,(anonymous_1)
FN:64,(anonymous_2)
FN:67,(anonymous_3)
FN:70,(anonymous_4)
FN:79,(anonymous_5)
FN:89,(anonymous_6)
FN:92,(anonymous_7)
FN:95,(anonymous_8)
FNF:9
FNH:9
FNDA:10,(anonymous_0)
FNDA:10,(anonymous_1)
FNDA:10,(anonymous_2)
FNDA:8,(anonymous_3)
FNDA:10,(anonymous_4)
FNDA:2,(anonymous_5)
FNDA:2,(anonymous_6)
FNDA:2,(anonymous_7)
FNDA:7,(anonymous_8)
DA:47,10
DA:53,10
DA:56,10
DA:57,2
DA:59,8
DA:60,2
DA:62,6
DA:65,10
DA:68,8
DA:71,10
DA:80,2
DA:81,2
DA:82,1
DA:84,1
DA:85,1
DA:87,2
DA:90,2
DA:93,2
DA:96,7
DA:97,1
DA:99,6
DA:100,2
DA:101,4
DA:102,2
DA:104,2
LF:25
LH:25
BRDA:56,0,0,2
BRDA:56,0,1,8
BRDA:59,1,0,2
BRDA:59,1,1,6
BRDA:81,2,0,1
BRDA:81,2,1,1
BRDA:85,3,0,1
BRDA:85,3,1,1
BRDA:90,4,0,1
BRDA:90,4,1,1
BRDA:93,5,0,1
BRDA:93,5,1,1
BRDA:96,6,0,1
BRDA:96,6,1,6
BRDA:99,7,0,2
BRDA:99,7,1,4
BRDA:101,8,0,2
BRDA:101,8,1,2
BRF:18
BRH:18
end_of_record
TN:
SF:D:\taro\amazing-ui\tests\unit\checkbox.spec.js
FN:10,(anonymous_0)
FN:11,(anonymous_1)
FN:14,(anonymous_2)
FN:25,(anonymous_3)
FN:34,(anonymous_4)
FN:44,(anonymous_5)
FN:52,(anonymous_6)
FN:65,(anonymous_7)
FN:70,(anonymous_8)
FN:83,(anonymous_9)
FN:88,(anonymous_10)
FN:101,(anonymous_11)
FN:106,(anonymous_12)
FN:119,(anonymous_13)
FN:124,(anonymous_14)
FN:137,(anonymous_15)
FNF:16
FNH:16
FNDA:1,(anonymous_0)
FNDA:1,(anonymous_1)
FNDA:1,(anonymous_2)
FNDA:1,(anonymous_3)
FNDA:1,(anonymous_4)
FNDA:1,(anonymous_5)
FNDA:1,(anonymous_6)
FNDA:1,(anonymous_7)
FNDA:1,(anonymous_8)
FNDA:1,(anonymous_9)
FNDA:1,(anonymous_10)
FNDA:1,(anonymous_11)
FNDA:1,(anonymous_12)
FNDA:1,(anonymous_13)
FNDA:1,(anonymous_14)
FNDA:1,(anonymous_15)
DA:5,1
DA:10,1
DA:11,1
DA:12,1
DA:14,1
DA:15,1
DA:16,1
DA:22,1
DA:23,1
DA:25,1
DA:26,1
DA:32,1
DA:34,1
DA:35,1
DA:41,1
DA:42,1
DA:44,1
DA:45,1
DA:50,1
DA:52,1
DA:53,1
DA:54,1
DA:64,1
DA:65,1
DA:66,1
DA:67,1
DA:70,1
DA:71,1
DA:72,1
DA:82,1
DA:83,1
DA:84,1
DA:85,1
DA:88,1
DA:89,1
DA:90,1
DA:99,1
DA:100,1
DA:101,1
DA:102,1
DA:103,1
DA:106,1
DA:107,1
DA:108,1
DA:117,1
DA:118,1
DA:119,1
DA:120,1
DA:121,1
DA:124,1
DA:125,1
DA:126,1
DA:134,1
DA:135,1
DA:137,1
DA:138,1
DA:139,1
DA:147,1
DA:148,1
LF:59
LH:59
BRF:0
BRH:0
end_of_record
TN:
SF:D:\taro\amazing-ui\src\grid\gCol.vue
FN:8,(anonymous_0)
FN:10,(anonymous_1)
FN:43,(anonymous_2)
FN:49,(anonymous_3)
FN:59,(anonymous_4)
FN:71,(anonymous_5)
FNF:6
FNH:6
FNDA:4,(anonymous_0)
FNDA:8,(anonymous_1)
FNDA:9,(anonymous_2)
FNDA:9,(anonymous_3)
FNDA:12,(anonymous_4)
FNDA:45,(anonymous_5)
DA:8,2
DA:9,4
DA:10,4
DA:11,8
DA:12,0
DA:15,4
DA:44,9
DA:50,9
DA:51,9
DA:60,12
DA:61,12
DA:62,3
DA:72,45
DA:73,13
DA:74,13
DA:75,8
DA:77,13
DA:78,5
DA:80,13
LF:19
LH:18
BRDA:11,0,0,0
BRDA:11,0,1,8
BRDA:61,1,0,3
BRDA:61,1,1,9
BRDA:71,2,0,9
BRDA:72,3,0,32
BRDA:72,3,1,13
BRDA:74,4,0,8
BRDA:74,4,1,5
BRDA:77,5,0,5
BRDA:77,5,1,8
BRF:11
BRH:10
end_of_record
TN:
SF:D:\taro\amazing-ui\tests\unit\col.spec.js
FN:6,(anonymous_0)
FN:7,(anonymous_1)
FN:10,(anonymous_2)
FN:11,(anonymous_3)
FN:20,(anonymous_4)
FN:29,(anonymous_5)
FN:42,(anonymous_6)
FN:56,(anonymous_7)
FN:70,(anonymous_8)
FNF:9
FNH:9
FNDA:1,(anonymous_0)
FNDA:1,(anonymous_1)
FNDA:1,(anonymous_2)
FNDA:1,(anonymous_3)
FNDA:1,(anonymous_4)
FNDA:1,(anonymous_5)
FNDA:1,(anonymous_6)
FNDA:1,(anonymous_7)
FNDA:1,(anonymous_8)
DA:6,1
DA:7,1
DA:8,1
DA:10,1
DA:11,1
DA:12,1
DA:17,1
DA:18,1
DA:20,1
DA:21,1
DA:26,1
DA:27,1
DA:29,1
DA:30,1
DA:38,1
DA:39,1
DA:40,1
DA:42,1
DA:43,1
DA:52,1
DA:53,1
DA:54,1
DA:56,1
DA:57,1
DA:66,1
DA:67,1
DA:68,1
DA:70,1
DA:72,1
DA:80,1
DA:81,1
DA:82,1
LF:32
LH:32
BRF:0
BRH:0
end_of_record
TN:
SF:D:\taro\amazing-ui\src\collapse\collapse.vue
FN:14,(anonymous_0)
FN:22,(anonymous_1)
FN:27,(anonymous_2)
FN:32,(anonymous_3)
FN:39,(anonymous_4)
FN:40,(anonymous_5)
FN:50,(anonymous_6)
FN:51,(anonymous_7)
FNF:8
FNH:8
FNDA:1,(anonymous_0)
FNDA:4,(anonymous_1)
FNDA:4,(anonymous_2)
FNDA:4,(anonymous_3)
FNDA:4,(anonymous_4)
FNDA:2,(anonymous_5)
FNDA:4,(anonymous_6)
FNDA:1,(anonymous_7)
DA:14,1
DA:23,4
DA:28,4
DA:33,4
DA:34,4
DA:35,4
DA:36,4
DA:40,4
DA:41,2
DA:42,1
DA:44,1
DA:46,2
DA:47,2
DA:51,4
DA:52,1
DA:53,1
DA:54,1
DA:55,1
LF:18
LH:18
BRDA:41,0,0,1
BRDA:41,0,1,1
BRF:2
BRH:2
end_of_record
TN:
SF:D:\taro\amazing-ui\src\collapseTransition.vue
FN:10,(anonymous_0)
FN:16,(anonymous_1)
FN:23,(anonymous_2)
FN:35,(anonymous_3)
FN:40,(anonymous_4)
FN:45,(anonymous_5)
FN:55,(anonymous_6)
FN:61,(anonymous_7)
FN:66,(anonymous_8)
FNF:9
FNH:5
FNDA:26,(anonymous_0)
FNDA:6,(anonymous_1)
FNDA:6,(anonymous_2)
FNDA:0,(anonymous_3)
FNDA:0,(anonymous_4)
FNDA:3,(anonymous_5)
FNDA:3,(anonymous_6)
FNDA:0,(anonymous_7)
FNDA:0,(anonymous_8)
DA:11,26
DA:17,6
DA:18,6
DA:19,6
DA:20,6
DA:21,6
DA:24,6
DA:25,6
DA:26,0
DA:27,0
DA:28,0
DA:30,6
DA:31,6
DA:32,6
DA:34,6
DA:35,6
DA:36,0
DA:41,0
DA:42,0
DA:46,3
DA:47,3
DA:48,3
DA:49,3
DA:51,3
DA:52,3
DA:56,3
DA:57,0
DA:58,0
DA:59,0
DA:61,3
DA:62,0
DA:67,0
DA:68,0
DA:69,0
DA:70,0
LF:35
LH:21
BRDA:25,0,0,0
BRDA:25,0,1,6
BRDA:46,1,0,0
BRDA:46,1,1,3
BRDA:56,2,0,0
BRDA:56,2,1,3
BRF:6
BRH:3
end_of_record
TN:
SF:D:\taro\amazing-ui\src\collapse\collapseItem.vue
FN:37,(anonymous_0)
FN:42,(anonymous_1)
FN:44,(anonymous_2)
FN:49,(anonymous_3)
FNF:4
FNH:4
FNDA:14,(anonymous_0)
FNDA:14,(anonymous_1)
FNDA:18,(anonymous_2)
FNDA:3,(anonymous_3)
DA:38,14
DA:43,14
DA:45,18
DA:50,3
DA:51,1
DA:54,2
LF:6
LH:6
BRDA:43,0,0,14
BRDA:43,0,1,10
BRDA:45,1,0,6
BRDA:45,1,1,12
BRDA:50,2,0,1
BRDA:50,2,1,2
BRDA:51,3,0,1
BRDA:51,3,1,1
BRDA:54,4,0,2
BRDA:54,4,1,2
BRF:10
BRH:10
end_of_record
TN:
SF:D:\taro\amazing-ui\tests\unit\collapse.spec.js
FN:13,(anonymous_0)
FN:14,(anonymous_1)
FN:17,(anonymous_2)
FN:35,(anonymous_3)
FN:44,(anonymous_4)
FN:61,(anonymous_5)
FN:66,(anonymous_6)
FN:84,(anonymous_7)
FN:92,(anonymous_8)
FN:110,(anonymous_9)
FNF:10
FNH:10
FNDA:1,(anonymous_0)
FNDA:1,(anonymous_1)
FNDA:1,(anonymous_2)
FNDA:1,(anonymous_3)
FNDA:1,(anonymous_4)
FNDA:1,(anonymous_5)
FNDA:1,(anonymous_6)
FNDA:1,(anonymous_7)
FNDA:1,(anonymous_8)
FNDA:1,(anonymous_9)
DA:4,1
DA:11,1
DA:13,1
DA:14,1
DA:15,1
DA:17,1
DA:18,1
DA:19,1
DA:35,1
DA:36,1
DA:37,1
DA:38,1
DA:39,1
DA:40,1
DA:41,1
DA:44,1
DA:45,1
DA:46,1
DA:61,1
DA:62,1
DA:63,1
DA:66,1
DA:67,1
DA:68,1
DA:84,1
DA:85,1
DA:86,1
DA:87,1
DA:88,1
DA:89,1
DA:92,1
DA:93,1
DA:94,1
DA:110,1
DA:111,1
DA:112,1
DA:113,1
DA:114,1
LF:38
LH:38
BRF:0
BRH:0
end_of_record
TN:
SF:D:\taro\amazing-ui\tests\unit\collapseItem.spec.js
FN:10,(anonymous_0)
FN:11,(anonymous_1)
FN:14,(anonymous_2)
FN:23,(anonymous_3)
FN:33,(anonymous_4)
FN:44,(anonymous_5)
FNF:6
FNH:6
FNDA:1,(anonymous_0)
FNDA:1,(anonymous_1)
FNDA:1,(anonymous_2)
FNDA:1,(anonymous_3)
FNDA:1,(anonymous_4)
FNDA:1,(anonymous_5)
DA:4,1
DA:10,1
DA:11,1
DA:12,1
DA:14,1
DA:15,1
DA:21,1
DA:23,1
DA:24,1
DA:31,1
DA:33,1
DA:34,1
DA:42,1
DA:44,1
DA:45,1
DA:51,1
LF:16
LH:16
BRF:0
BRH:0
end_of_record
TN:
SF:D:\taro\amazing-ui\src\controllCount\index.vue
FN:22,(anonymous_0)
FNF:1
FNH:1
FNDA:3,(anonymous_0)
DA:23,3
DA:24,1
DA:26,2
DA:27,1
DA:29,1
LF:5
LH:5
BRDA:23,0,0,1
BRDA:23,0,1,2
BRDA:23,1,0,3
BRDA:23,1,1,1
BRDA:26,2,0,1
BRDA:26,2,1,1
BRDA:26,3,0,2
BRDA:26,3,1,2
BRF:8
BRH:8
end_of_record
TN:
SF:D:\taro\amazing-ui\tests\unit\controllCount.spec.js
FN:10,(anonymous_0)
FN:11,(anonymous_1)
FN:14,(anonymous_2)
FN:15,(anonymous_3)
FN:23,(anonymous_4)
FN:27,(anonymous_5)
FN:36,(anonymous_6)
FN:48,(anonymous_7)
FN:53,(anonymous_8)
FN:65,(anonymous_9)
FN:70,(anonymous_10)
FN:82,(anonymous_11)
FNF:12
FNH:12
FNDA:1,(anonymous_0)
FNDA:1,(anonymous_1)
FNDA:1,(anonymous_2)
FNDA:1,(anonymous_3)
FNDA:1,(anonymous_4)
FNDA:1,(anonymous_5)
FNDA:1,(anonymous_6)
FNDA:1,(anonymous_7)
FNDA:1,(anonymous_8)
FNDA:1,(anonymous_9)
FNDA:1,(anonymous_10)
FNDA:1,(anonymous_11)
DA:5,1
DA:10,1
DA:11,1
DA:12,1
DA:14,1
DA:15,1
DA:16,1
DA:21,1
DA:23,1
DA:24,1
DA:25,1
DA:27,1
DA:28,1
DA:33,1
DA:36,1
DA:37,1
DA:38,1
DA:47,1
DA:48,1
DA:49,1
DA:50,1
DA:53,1
DA:54,1
DA:55,1
DA:64,1
DA:65,1
DA:66,1
DA:67,1
DA:70,1
DA:71,1
DA:72,1
DA:81,1
DA:82,1
DA:83,1
DA:84,1
LF:35
LH:35
BRF:0
BRH:0
end_of_record
TN:
SF:D:\taro\amazing-ui\src\input\input.vue
FN:53,(anonymous_0)
FN:62,(anonymous_1)
FN:69,(anonymous_2)
FN:78,(anonymous_3)
FN:83,(anonymous_4)
FN:86,(anonymous_5)
FN:90,(anonymous_6)
FN:94,(anonymous_7)
FN:98,(anonymous_8)
FN:102,(anonymous_9)
FN:106,(anonymous_10)
FNF:11
FNH:10
FNDA:36,(anonymous_0)
FNDA:20,(anonymous_1)
FNDA:21,(anonymous_2)
FNDA:21,(anonymous_3)
FNDA:0,(anonymous_4)
FNDA:1,(anonymous_5)
FNDA:1,(anonymous_6)
FNDA:1,(anonymous_7)
FNDA:1,(anonymous_8)
FNDA:1,(anonymous_9)
FNDA:1,(anonymous_10)
DA:54,36
DA:63,20
DA:70,21
DA:79,21
DA:84,0
DA:87,1
DA:88,1
DA:91,1
DA:92,1
DA:95,1
DA:96,1
DA:99,1
DA:100,1
DA:103,1
DA:104,1
DA:107,1
DA:108,1
DA:109,1
LF:18
LH:17
BRDA:71,0,0,21
BRDA:71,0,1,8
BRDA:71,0,2,7
BRDA:71,0,3,6
BRDA:71,0,4,4
BRDA:71,0,5,4
BRDA:79,1,0,13
BRDA:79,1,1,8
BRF:8
BRH:8
end_of_record
TN:
SF:D:\taro\amazing-ui\src\clickOutside.js
FN:1,(anonymous_0)
FN:3,(anonymous_1)
FN:14,(anonymous_2)
FN:19,(anonymous_3)
FNF:4
FNH:3
FNDA:42,(anonymous_0)
FNDA:42,(anonymous_1)
FNDA:12,(anonymous_2)
FNDA:0,(anonymous_3)
DA:1,6
DA:2,42
DA:3,42
DA:4,42
DA:5,2
DA:7,40
DA:11,6
DA:12,6
DA:15,12
DA:19,6
DA:20,0
LF:11
LH:10
BRDA:4,0,0,2
BRDA:4,0,1,40
BRDA:4,1,0,42
BRDA:4,1,1,42
BRF:4
BRH:4
end_of_record
TN:
SF:D:\taro\amazing-ui\src\datePicker\moment.js
FN:2,(anonymous_0)
FN:6,(anonymous_1)
FN:10,(anonymous_2)
FN:17,(anonymous_3)
FN:21,(anonymous_4)
FN:25,(anonymous_5)
FN:34,getYearMonthDate
FNF:7
FNH:7
FNDA:3,(anonymous_0)
FNDA:3,(anonymous_1)
FNDA:15,(anonymous_2)
FNDA:1,(anonymous_3)
FNDA:1,(anonymous_4)
FNDA:6,(anonymous_5)
FNDA:728,getYearMonthDate
DA:3,3
DA:4,3
DA:7,3
DA:8,3
DA:11,15
DA:12,15
DA:13,102
DA:15,15
DA:18,1
DA:19,1
DA:22,1
DA:23,1
DA:26,6
DA:27,0
DA:29,6
DA:35,728
DA:36,728
DA:37,728
DA:38,728
LF:19
LH:18
BRDA:26,0,0,0
BRDA:26,0,1,6
BRDA:29,1,0,2
BRDA:29,1,1,4
BRF:4
BRH:3
end_of_record
TN:
SF:D:\taro\amazing-ui\src\datePicker\index.vue
FN:128,(anonymous_0)
FN:153,(anonymous_1)
FN:175,(anonymous_2)
FN:177,(anonymous_3)
FN:179,(anonymous_4)
FN:188,(anonymous_5)
FN:191,(anonymous_6)
FN:195,(anonymous_7)
FN:203,(anonymous_8)
FN:212,(anonymous_9)
FN:215,(anonymous_10)
FN:219,(anonymous_11)
FN:227,(anonymous_12)
FN:231,(anonymous_13)
FN:235,(anonymous_14)
FN:242,(anonymous_15)
FN:244,(anonymous_16)
FN:246,(anonymous_17)
FN:253,(anonymous_18)
FN:265,(anonymous_19)
FN:277,(anonymous_20)
FN:283,(anonymous_21)
FN:286,(anonymous_22)
FN:292,(anonymous_23)
FN:295,(anonymous_24)
FN:299,(anonymous_25)
FN:302,(anonymous_26)
FN:305,(anonymous_27)
FN:308,(anonymous_28)
FN:311,(anonymous_29)
FN:314,(anonymous_30)
FN:317,(anonymous_31)
FN:323,(anonymous_32)
FN:328,(anonymous_33)
FN:331,(anonymous_34)
FNF:35
FNH:13
FNDA:5,(anonymous_0)
FNDA:2,(anonymous_1)
FNDA:0,(anonymous_2)
FNDA:0,(anonymous_3)
FNDA:5,(anonymous_4)
FNDA:336,(anonymous_5)
FNDA:252,(anonymous_6)
FNDA:84,(anonymous_7)
FNDA:84,(anonymous_8)
FNDA:0,(anonymous_9)
FNDA:0,(anonymous_10)
FNDA:84,(anonymous_11)
FNDA:0,(anonymous_12)
FNDA:0,(anonymous_13)
FNDA:0,(anonymous_14)
FNDA:0,(anonymous_15)
FNDA:0,(anonymous_16)
FNDA:0,(anonymous_17)
FNDA:0,(anonymous_18)
FNDA:0,(anonymous_19)
FNDA:0,(anonymous_20)
FNDA:0,(anonymous_21)
FNDA:0,(anonymous_22)
FNDA:0,(anonymous_23)
FNDA:0,(anonymous_24)
FNDA:0,(anonymous_25)
FNDA:0,(anonymous_26)
FNDA:0,(anonymous_27)
FNDA:0,(anonymous_28)
FNDA:1,(anonymous_29)
FNDA:0,(anonymous_30)
FNDA:1,(anonymous_31)
FNDA:1,(anonymous_32)
FNDA:26,(anonymous_33)
FNDA:126,(anonymous_34)
DA:129,5
DA:130,5
DA:154,2
DA:155,2
DA:156,2
DA:157,2
DA:158,2
DA:159,2
DA:160,61
DA:162,2
DA:163,2
DA:164,2
DA:165,0
DA:167,2
DA:168,2
DA:169,2
DA:170,2
DA:171,23
DA:173,2
DA:176,0
DA:177,0
DA:180,5
DA:181,4
DA:183,1
DA:184,1
DA:189,336
DA:192,252
DA:193,252
DA:196,84
DA:197,0
DA:199,84
DA:200,84
DA:201,84
DA:204,84
DA:205,0
DA:208,84
DA:209,84
DA:210,84
DA:213,0
DA:216,0
DA:217,0
DA:220,84
DA:221,23
DA:223,61
DA:224,61
DA:225,61
DA:228,0
DA:229,0
DA:232,0
DA:233,0
DA:236,0
DA:237,0
DA:239,0
DA:240,0
DA:243,0
DA:244,0
DA:247,0
DA:248,0
DA:249,0
DA:251,0
DA:254,0
DA:255,0
DA:256,0
DA:259,0
DA:260,0
DA:261,0
DA:263,0
DA:266,0
DA:267,0
DA:268,0
DA:269,0
DA:270,0
DA:271,0
DA:272,0
DA:273,0
DA:274,0
DA:278,0
DA:279,0
DA:280,0
DA:281,0
DA:284,0
DA:287,0
DA:288,0
DA:289,0
DA:290,0
DA:293,0
DA:296,0
DA:297,0
DA:300,0
DA:303,0
DA:306,0
DA:309,0
DA:312,1
DA:315,0
DA:318,1
DA:319,1
DA:320,1
DA:321,1
DA:324,1
DA:325,1
DA:326,1
DA:329,26
DA:332,126
LF:103
LH:48
BRDA:129,0,0,5
BRDA:129,0,1,4
BRDA:180,1,0,4
BRDA:180,1,1,1
BRDA:193,2,0,252
BRDA:193,2,1,219
BRDA:196,3,0,0
BRDA:196,3,1,84
BRDA:201,4,0,84
BRDA:201,4,1,73
BRDA:201,4,2,30
BRDA:204,5,0,0
BRDA:204,5,1,84
BRDA:210,6,0,84
BRDA:210,6,1,61
BRDA:220,7,0,23
BRDA:220,7,1,61
BRDA:225,8,0,61
BRDA:225,8,1,61
BRDA:225,8,2,31
BRDA:229,9,0,0
BRDA:229,9,1,0
BRDA:236,10,0,0
BRDA:236,10,1,0
BRDA:247,11,0,0
BRDA:247,11,1,0
BRDA:247,12,0,0
BRDA:247,12,1,0
BRDA:259,13,0,0
BRDA:259,13,1,0
BRDA:267,14,0,0
BRDA:267,14,1,0
BRDA:324,15,0,0
BRDA:324,15,1,1
BRF:34
BRH:19
end_of_record
TN:
SF:D:\taro\amazing-ui\tests\unit\datePicker.spec.js
FN:11,(anonymous_0)
FN:12,(anonymous_1)
FN:15,(anonymous_2)
FN:24,(anonymous_3)
FN:42,(anonymous_4)
FN:51,(anonymous_5)
FN:60,(anonymous_6)
FNF:7
FNH:7
FNDA:1,(anonymous_0)
FNDA:1,(anonymous_1)
FNDA:1,(anonymous_2)
FNDA:1,(anonymous_3)
FNDA:1,(anonymous_4)
FNDA:1,(anonymous_5)
FNDA:1,(anonymous_6)
DA:4,1
DA:11,1
DA:12,1
DA:13,1
DA:15,1
DA:16,1
DA:21,1
DA:22,1
DA:24,1
DA:25,1
DA:26,1
DA:34,1
DA:35,1
DA:36,1
DA:37,1
DA:38,1
DA:39,1
DA:40,1
DA:42,1
DA:43,1
DA:48,1
DA:49,1
DA:51,1
DA:52,1
DA:57,1
DA:58,1
DA:60,1
DA:61,1
DA:66,1
DA:67,1
LF:30
LH:30
BRF:0
BRH:0
end_of_record
TN:
SF:D:\taro\amazing-ui\tests\unit\input.spec.js
FN:10,(anonymous_0)
FN:11,(anonymous_1)
FN:14,(anonymous_2)
FN:24,(anonymous_3)
FN:33,(anonymous_4)
FN:42,(anonymous_5)
FN:67,(anonymous_6)
FN:79,(anonymous_7)
FN:90,(anonymous_8)
FN:96,(anonymous_9)
FN:105,(anonymous_10)
FN:114,(anonymous_11)
FN:126,(anonymous_12)
FN:143,(anonymous_13)
FN:144,(anonymous_14)
FN:145,(anonymous_15)
FNF:16
FNH:14
FNDA:1,(anonymous_0)
FNDA:1,(anonymous_1)
FNDA:1,(anonymous_2)
FNDA:1,(anonymous_3)
FNDA:1,(anonymous_4)
FNDA:1,(anonymous_5)
FNDA:1,(anonymous_6)
FNDA:1,(anonymous_7)
FNDA:1,(anonymous_8)
FNDA:1,(anonymous_9)
FNDA:1,(anonymous_10)
FNDA:1,(anonymous_11)
FNDA:0,(anonymous_12)
FNDA:1,(anonymous_13)
FNDA:4,(anonymous_14)
FNDA:0,(anonymous_15)
DA:4,1
DA:10,1
DA:11,1
DA:12,1
DA:14,1
DA:15,1
DA:21,1
DA:22,1
DA:24,1
DA:25,1
DA:30,1
DA:31,1
DA:33,1
DA:34,1
DA:39,1
DA:40,1
DA:42,1
DA:43,1
DA:44,1
DA:45,1
DA:46,1
DA:47,1
DA:48,1
DA:61,1
DA:62,1
DA:63,1
DA:64,1
DA:65,1
DA:66,1
DA:67,1
DA:68,1
DA:69,1
DA:70,1
DA:71,1
DA:72,1
DA:73,1
DA:74,1
DA:75,1
DA:76,1
DA:79,1
DA:80,1
DA:81,1
DA:89,1
DA:90,1
DA:91,1
DA:92,1
DA:93,1
DA:96,1
DA:97,1
DA:102,1
DA:103,1
DA:105,1
DA:106,1
DA:111,1
DA:112,1
DA:114,1
DA:115,1
DA:121,1
DA:122,1
DA:123,1
DA:124,1
DA:126,1
DA:134,0
DA:135,0
DA:136,0
DA:137,0
DA:138,0
DA:140,0
DA:141,0
DA:143,1
DA:144,1
DA:145,4
DA:146,0
DA:147,0
DA:148,0
DA:149,0
DA:150,0
DA:154,0
DA:155,0
DA:156,0
DA:157,0
LF:81
LH:65
BRF:0
BRH:0
end_of_record
TN:
SF:D:\taro\amazing-ui\src\message\message.vue
FN:35,(anonymous_0)
FN:44,(anonymous_1)
FN:56,(anonymous_2)
FN:62,(anonymous_3)
FN:67,(anonymous_4)
FN:70,(anonymous_5)
FN:74,(anonymous_6)
FNF:7
FNH:7
FNDA:2,(anonymous_0)
FNDA:2,(anonymous_1)
FNDA:4,(anonymous_2)
FNDA:2,(anonymous_3)
FNDA:2,(anonymous_4)
FNDA:1,(anonymous_5)
FNDA:1,(anonymous_6)
DA:36,2
DA:45,2
DA:57,4
DA:63,2
DA:64,2
DA:68,2
DA:71,1
DA:72,1
DA:75,1
DA:76,1
LF:10
LH:10
BRDA:63,0,0,2
BRDA:63,0,1,0
BRDA:63,1,0,2
BRDA:63,1,1,2
BRF:4
BRH:3
end_of_record
TN:
SF:D:\taro\amazing-ui\tests\unit\message.spec.js
FN:9,(anonymous_0)
FN:10,(anonymous_1)
FN:13,(anonymous_2)
FN:21,(anonymous_3)
FN:26,(anonymous_4)
FN:41,(anonymous_5)
FN:52,(anonymous_6)
FN:67,(anonymous_7)
FNF:8
FNH:8
FNDA:1,(anonymous_0)
FNDA:1,(anonymous_1)
FNDA:1,(anonymous_2)
FNDA:1,(anonymous_3)
FNDA:1,(anonymous_4)
FNDA:1,(anonymous_5)
FNDA:1,(anonymous_6)
FNDA:1,(anonymous_7)
DA:4,1
DA:9,1
DA:10,1
DA:11,1
DA:13,1
DA:14,1
DA:19,1
DA:21,1
DA:22,1
DA:23,1
DA:26,1
DA:27,1
DA:28,1
DA:40,1
DA:41,1
DA:42,1
DA:43,1
DA:44,1
DA:45,1
DA:46,1
DA:47,1
DA:48,1
DA:49,1
DA:52,1
DA:53,1
DA:54,1
DA:66,1
DA:67,1
DA:68,1
DA:69,1
DA:70,1
DA:71,1
DA:72,1
DA:73,1
DA:74,1
DA:75,1
LF:36
LH:36
BRF:0
BRH:0
end_of_record
TN:
SF:D:\taro\amazing-ui\tests\unit\moment.spec.js
FN:7,(anonymous_0)
FN:8,(anonymous_1)
FN:11,(anonymous_2)
FN:16,(anonymous_3)
FN:23,(anonymous_4)
FN:30,(anonymous_5)
FN:34,(anonymous_6)
FNF:7
FNH:7
FNDA:1,(anonymous_0)
FNDA:1,(anonymous_1)
FNDA:1,(anonymous_2)
FNDA:1,(anonymous_3)
FNDA:1,(anonymous_4)
FNDA:1,(anonymous_5)
FNDA:1,(anonymous_6)
DA:3,1
DA:7,1
DA:8,1
DA:9,1
DA:11,1
DA:12,1
DA:13,1
DA:14,1
DA:16,1
DA:17,1
DA:18,1
DA:19,1
DA:20,1
DA:21,1
DA:23,1
DA:24,1
DA:25,1
DA:26,1
DA:27,1
DA:28,1
DA:30,1
DA:31,1
DA:32,1
DA:34,1
DA:35,1
DA:36,1
DA:37,1
DA:38,1
LF:28
LH:28
BRF:0
BRH:0
end_of_record
TN:
SF:D:\taro\amazing-ui\src\nav\nav.vue
FN:20,(anonymous_0)
FN:23,(anonymous_1)
FN:29,(anonymous_2)
FN:33,(anonymous_3)
FN:38,(anonymous_4)
FN:41,(anonymous_5)
FN:42,(anonymous_6)
FN:50,(anonymous_7)
FN:51,(anonymous_8)
FN:52,(anonymous_9)
FNF:10
FNH:9
FNDA:3,(anonymous_0)
FNDA:3,(anonymous_1)
FNDA:3,(anonymous_2)
FNDA:0,(anonymous_3)
FNDA:6,(anonymous_4)
FNDA:3,(anonymous_5)
FNDA:6,(anonymous_6)
FNDA:3,(anonymous_7)
FNDA:6,(anonymous_8)
FNDA:1,(anonymous_9)
DA:21,3
DA:24,3
DA:30,3
DA:31,3
DA:34,0
DA:39,6
DA:42,3
DA:43,6
DA:44,3
DA:46,3
DA:51,3
DA:52,6
DA:53,1
LF:13
LH:12
BRDA:43,0,0,3
BRDA:43,0,1,3
BRF:2
BRH:2
end_of_record
TN:
SF:D:\taro\amazing-ui\src\nav\navItem.vue
FN:17,(anonymous_0)
FN:22,(anonymous_1)
FN:26,(anonymous_2)
FNF:3
FNH:3
FNDA:6,(anonymous_0)
FNDA:6,(anonymous_1)
FNDA:1,(anonymous_2)
DA:18,6
DA:23,6
DA:27,1
DA:28,1
DA:29,1
LF:5
LH:5
BRDA:28,0,0,1
BRDA:28,0,1,0
BRF:2
BRH:1
end_of_record
TN:
SF:D:\taro\amazing-ui\src\nav\subNav.vue
FN:40,(anonymous_0)
FN:46,(anonymous_1)
FN:51,(anonymous_2)
FN:57,(anonymous_3)
FN:61,(anonymous_4)
FN:64,(anonymous_5)
FN:69,(anonymous_6)
FN:73,(anonymous_7)
FN:76,(anonymous_8)
FN:79,(anonymous_9)
FN:82,(anonymous_10)
FNF:11
FNH:0
FNDA:0,(anonymous_0)
FNDA:0,(anonymous_1)
FNDA:0,(anonymous_2)
FNDA:0,(anonymous_3)
FNDA:0,(anonymous_4)
FNDA:0,(anonymous_5)
FNDA:0,(anonymous_6)
FNDA:0,(anonymous_7)
FNDA:0,(anonymous_8)
FNDA:0,(anonymous_9)
FNDA:0,(anonymous_10)
DA:41,0
DA:47,0
DA:52,0
DA:53,0
DA:54,0
DA:55,0
DA:56,0
DA:57,0
DA:58,0
DA:62,0
DA:65,0
DA:66,0
DA:67,0
DA:68,0
DA:69,0
DA:70,0
DA:74,0
DA:77,0
DA:80,0
DA:83,0
DA:84,0
DA:85,0
LF:22
LH:0
BRDA:47,0,0,0
BRDA:47,0,1,0
BRDA:84,1,0,0
BRDA:84,1,1,0
BRF:4
BRH:0
end_of_record
TN:
SF:D:\taro\amazing-ui\tests\unit\nav.spec.js
FN:16,(anonymous_0)
FN:17,(anonymous_1)
FN:20,(anonymous_2)
FN:21,(anonymous_3)
FN:37,(anonymous_4)
FN:42,(anonymous_5)
FN:59,(anonymous_6)
FN:65,(anonymous_7)
FN:66,(anonymous_8)
FN:86,(anonymous_9)
FNF:10
FNH:10
FNDA:1,(anonymous_0)
FNDA:1,(anonymous_1)
FNDA:1,(anonymous_2)
FNDA:1,(anonymous_3)
FNDA:1,(anonymous_4)
FNDA:1,(anonymous_5)
FNDA:1,(anonymous_6)
FNDA:1,(anonymous_7)
FNDA:1,(anonymous_8)
FNDA:1,(anonymous_9)
DA:4,1
DA:12,1
DA:13,1
DA:14,1
DA:16,1
DA:17,1
DA:18,1
DA:20,1
DA:21,1
DA:22,1
DA:37,1
DA:38,1
DA:39,1
DA:42,1
DA:43,1
DA:59,1
DA:60,1
DA:61,1
DA:65,1
DA:66,1
DA:67,1
DA:68,1
DA:86,1
DA:87,1
DA:88,1
DA:89,1
LF:26
LH:26
BRF:0
BRH:0
end_of_record
TN:
SF:D:\taro\amazing-ui\tests\unit\navItem.spec.js
FN:15,(anonymous_0)
FN:16,(anonymous_1)
FN:19,(anonymous_2)
FN:20,(anonymous_3)
FN:31,(anonymous_4)
FNF:5
FNH:4
FNDA:1,(anonymous_0)
FNDA:1,(anonymous_1)
FNDA:1,(anonymous_2)
FNDA:1,(anonymous_3)
FNDA:0,(anonymous_4)
DA:4,1
DA:12,1
DA:13,1
DA:15,1
DA:16,1
DA:17,1
DA:19,1
DA:20,1
DA:21,1
DA:29,1
DA:32,0
DA:36,1
LF:12
LH:11
BRF:0
BRH:0
end_of_record
TN:
SF:D:\taro\amazing-ui\src\pager\pager.vue
FN:27,unique
FN:29,(anonymous_1)
FN:32,(anonymous_2)
FN:52,(anonymous_3)
FN:63,(anonymous_4)
FN:64,(anonymous_5)
FN:65,(anonymous_6)
FN:75,(anonymous_7)
FNF:8
FNH:8
FNDA:7,unique
FNDA:35,(anonymous_1)
FNDA:26,(anonymous_2)
FNDA:7,(anonymous_3)
FNDA:49,(anonymous_4)
FNDA:54,(anonymous_5)
FNDA:26,(anonymous_6)
FNDA:1,(anonymous_7)
DA:28,7
DA:29,7
DA:30,35
DA:32,26
DA:53,7
DA:63,49
DA:64,54
DA:66,26
DA:67,26
DA:70,26
DA:76,1
DA:77,1
LF:12
LH:12
BRDA:63,0,0,49
BRDA:63,0,1,41
BRDA:67,1,0,26
BRDA:67,1,1,19
BRDA:67,1,2,4
BRDA:76,2,0,1
BRDA:76,2,1,0
BRDA:76,3,0,1
BRDA:76,3,1,1
BRF:9
BRH:8
end_of_record
TN:
SF:D:\taro\amazing-ui\tests\unit\pager.spec.js
FN:10,(anonymous_0)
FN:11,(anonymous_1)
FN:14,(anonymous_2)
FN:23,(anonymous_3)
FN:32,(anonymous_4)
FN:41,(anonymous_5)
FN:52,(anonymous_6)
FN:63,(anonymous_7)
FN:72,(anonymous_8)
FNF:9
FNH:9
FNDA:1,(anonymous_0)
FNDA:1,(anonymous_1)
FNDA:1,(anonymous_2)
FNDA:1,(anonymous_3)
FNDA:1,(anonymous_4)
FNDA:1,(anonymous_5)
FNDA:1,(anonymous_6)
FNDA:1,(anonymous_7)
FNDA:1,(anonymous_8)
DA:4,1
DA:10,1
DA:11,1
DA:12,1
DA:14,1
DA:15,1
DA:21,1
DA:23,1
DA:24,1
DA:30,1
DA:32,1
DA:33,1
DA:39,1
DA:41,1
DA:42,1
DA:49,1
DA:50,1
DA:52,1
DA:53,1
DA:60,1
DA:61,1
DA:63,1
DA:64,1
DA:70,1
DA:71,1
DA:72,1
DA:73,1
DA:74,1
DA:75,1
DA:76,1
LF:30
LH:30
BRF:0
BRH:0
end_of_record
TN:
SF:D:\taro\amazing-ui\src\popover\popover.vue
FN:21,(anonymous_0)
FN:28,(anonymous_1)
FN:44,(anonymous_2)
FN:49,(anonymous_3)
FN:55,(anonymous_4)
FN:62,(anonymous_5)
FN:70,(anonymous_6)
FN:78,(anonymous_7)
FN:87,(anonymous_8)
FN:115,(anonymous_9)
FN:132,(anonymous_10)
FN:135,(anonymous_11)
FN:143,(anonymous_12)
FN:151,(anonymous_13)
FNF:14
FNH:11
FNDA:5,(anonymous_0)
FNDA:5,(anonymous_1)
FNDA:5,(anonymous_2)
FNDA:5,(anonymous_3)
FNDA:0,(anonymous_4)
FNDA:4,(anonymous_5)
FNDA:0,(anonymous_6)
FNDA:0,(anonymous_7)
FNDA:4,(anonymous_8)
FNDA:3,(anonymous_9)
FNDA:4,(anonymous_10)
FNDA:4,(anonymous_11)
FNDA:4,(anonymous_12)
FNDA:3,(anonymous_13)
DA:22,5
DA:29,5
DA:45,5
DA:50,5
DA:51,1
DA:53,4
DA:56,0
DA:57,0
DA:58,0
DA:63,4
DA:64,3
DA:66,1
DA:67,1
DA:71,0
DA:72,0
DA:74,0
DA:75,0
DA:79,0
DA:80,0
DA:81,0
DA:83,0
DA:84,0
DA:88,4
DA:89,4
DA:90,3
DA:91,3
DA:93,3
DA:111,3
DA:112,3
DA:113,3
DA:116,3
DA:121,0
DA:123,3
DA:128,0
DA:130,3
DA:133,4
DA:134,4
DA:135,4
DA:136,4
DA:137,3
DA:144,4
DA:145,4
DA:146,4
DA:152,3
DA:153,3
DA:154,3
DA:155,0
DA:157,3
LF:48
LH:33
BRDA:50,0,0,1
BRDA:50,0,1,4
BRDA:57,1,0,0
BRDA:57,1,1,0
BRDA:63,2,0,3
BRDA:63,2,1,1
BRDA:71,3,0,0
BRDA:71,3,1,0
BRDA:80,4,0,0
BRDA:80,4,1,0
BRDA:83,5,0,0
BRDA:83,5,1,0
BRDA:89,6,0,4
BRDA:89,6,1,4
BRDA:116,7,0,0
BRDA:116,7,1,3
BRDA:117,8,0,3
BRDA:117,8,1,3
BRDA:117,8,2,3
BRDA:123,9,0,0
BRDA:123,9,1,3
BRDA:124,10,0,3
BRDA:124,10,1,3
BRDA:124,10,2,3
BRDA:153,11,0,3
BRDA:153,11,1,0
BRDA:154,12,0,0
BRDA:154,12,1,3
BRF:28
BRH:16
end_of_record
TN:
SF:D:\taro\amazing-ui\tests\unit\popover.spec.js
FN:10,(anonymous_0)
FN:11,(anonymous_1)
FN:14,(anonymous_2)
FN:28,(anonymous_3)
FN:39,(anonymous_4)
FN:51,(anonymous_5)
FN:65,(anonymous_6)
FNF:7
FNH:7
FNDA:1,(anonymous_0)
FNDA:1,(anonymous_1)
FNDA:1,(anonymous_2)
FNDA:1,(anonymous_3)
FNDA:1,(anonymous_4)
FNDA:1,(anonymous_5)
FNDA:1,(anonymous_6)
DA:4,1
DA:10,1
DA:11,1
DA:12,1
DA:14,1
DA:15,1
DA:24,1
DA:25,1
DA:26,1
DA:28,1
DA:29,1
DA:36,1
DA:37,1
DA:39,1
DA:40,1
DA:45,1
DA:46,1
DA:47,1
DA:48,1
DA:49,1
DA:51,1
DA:52,1
DA:62,1
DA:63,1
DA:65,1
DA:66,1
DA:76,1
DA:77,1
LF:28
LH:28
BRF:0
BRH:0
end_of_record
TN:
SF:D:\taro\amazing-ui\src\radio\index.vue
FN:34,(anonymous_0)
FN:41,(anonymous_1)
FN:44,(anonymous_2)
FN:52,(anonymous_3)
FNF:4
FNH:4
FNDA:4,(anonymous_0)
FNDA:4,(anonymous_1)
FNDA:4,(anonymous_2)
FNDA:2,(anonymous_3)
DA:35,4
DA:39,4
DA:42,4
DA:45,4
DA:53,2
DA:54,1
DA:56,1
LF:7
LH:7
BRDA:53,0,0,1
BRDA:53,0,1,1
BRF:2
BRH:2
end_of_record
TN:
SF:D:\taro\amazing-ui\tests\unit\radio.spec.js
FN:10,(anonymous_0)
FN:11,(anonymous_1)
FN:14,(anonymous_2)
FN:25,(anonymous_3)
FN:34,(anonymous_4)
FN:42,(anonymous_5)
FNF:6
FNH:6
FNDA:1,(anonymous_0)
FNDA:1,(anonymous_1)
FNDA:1,(anonymous_2)
FNDA:1,(anonymous_3)
FNDA:1,(anonymous_4)
FNDA:1,(anonymous_5)
DA:5,1
DA:10,1
DA:11,1
DA:12,1
DA:14,1
DA:15,1
DA:16,1
DA:22,1
DA:23,1
DA:25,1
DA:26,1
DA:32,1
DA:34,1
DA:35,1
DA:40,1
DA:42,1
DA:43,1
DA:44,1
DA:54,1
DA:55,1
LF:20
LH:20
BRF:0
BRH:0
end_of_record
TN:
SF:D:\taro\amazing-ui\src\grid\gRow.vue
FN:17,(anonymous_0)
FN:23,(anonymous_1)
FN:30,(anonymous_2)
FN:35,(anonymous_3)
FN:36,(anonymous_4)
FNF:5
FNH:5
FNDA:3,(anonymous_0)
FNDA:4,(anonymous_1)
FNDA:3,(anonymous_2)
FNDA:3,(anonymous_3)
FNDA:4,(anonymous_4)
DA:18,3
DA:24,4
DA:25,4
DA:31,3
DA:32,3
DA:36,3
DA:37,4
LF:7
LH:7
BRDA:32,0,0,3
BRDA:32,0,1,3
BRF:2
BRH:2
end_of_record
TN:
SF:D:\taro\amazing-ui\tests\unit\row.spec.js
FN:8,(anonymous_0)
FN:9,(anonymous_1)
FN:12,(anonymous_2)
FN:13,(anonymous_3)
FN:33,(anonymous_4)
FNF:5
FNH:5
FNDA:1,(anonymous_0)
FNDA:1,(anonymous_1)
FNDA:1,(anonymous_2)
FNDA:1,(anonymous_3)
FNDA:1,(anonymous_4)
DA:8,1
DA:9,1
DA:10,1
DA:12,1
DA:13,1
DA:14,1
DA:15,1
DA:16,1
DA:28,1
DA:29,1
DA:30,1
DA:31,1
DA:33,1
DA:34,1
DA:40,1
LF:15
LH:15
BRF:0
BRH:0
end_of_record
TN:
SF:D:\taro\amazing-ui\src\select\index.vue
FN:48,(anonymous_0)
FN:55,(anonymous_1)
FN:59,(anonymous_2)
FN:64,(anonymous_3)
FN:68,(anonymous_4)
FN:72,(anonymous_5)
FN:76,(anonymous_6)
FN:79,(anonymous_7)
FN:80,(anonymous_8)
FN:84,(anonymous_9)
FN:85,(anonymous_10)
FN:86,(anonymous_11)
FN:91,(anonymous_12)
FN:95,(anonymous_13)
FN:98,(anonymous_14)
FN:102,(anonymous_15)
FNF:16
FNH:16
FNDA:7,(anonymous_0)
FNDA:7,(anonymous_1)
FNDA:7,(anonymous_2)
FNDA:10,(anonymous_3)
FNDA:7,(anonymous_4)
FNDA:13,(anonymous_5)
FNDA:18,(anonymous_6)
FNDA:20,(anonymous_7)
FNDA:57,(anonymous_8)
FNDA:7,(anonymous_9)
FNDA:18,(anonymous_10)
FNDA:1,(anonymous_11)
FNDA:2,(anonymous_12)
FNDA:1,(anonymous_13)
FNDA:3,(anonymous_14)
FNDA:17,(anonymous_15)
DA:49,7
DA:56,7
DA:60,7
DA:65,10
DA:69,7
DA:70,7
DA:73,13
DA:77,18
DA:80,20
DA:81,57
DA:85,7
DA:86,18
DA:87,1
DA:92,2
DA:93,2
DA:96,1
DA:99,3
DA:100,2
DA:103,17
LF:19
LH:19
BRDA:65,0,0,10
BRDA:65,0,1,5
BRDA:65,0,2,5
BRDA:65,0,3,2
BRDA:81,1,0,7
BRDA:81,1,1,50
BRDA:99,2,0,1
BRDA:99,2,1,2
BRF:8
BRH:8
end_of_record
TN:
SF:D:\taro\amazing-ui\src\select\option.vue
FN:20,(anonymous_0)
FN:25,(anonymous_1)
FN:29,(anonymous_2)
FNF:3
FNH:3
FNDA:18,(anonymous_0)
FNDA:18,(anonymous_1)
FNDA:2,(anonymous_2)
DA:21,18
DA:26,18
DA:30,2
DA:31,1
DA:33,1
LF:5
LH:5
BRDA:30,0,0,1
BRDA:30,0,1,1
BRF:2
BRH:2
end_of_record
TN:
SF:D:\taro\amazing-ui\tests\unit\select.spec.js
FN:16,(anonymous_0)
FN:17,(anonymous_1)
FN:20,(anonymous_2)
FN:36,(anonymous_3)
FN:55,(anonymous_4)
FN:64,(anonymous_5)
FN:83,(anonymous_6)
FN:109,(anonymous_7)
FNF:8
FNH:8
FNDA:1,(anonymous_0)
FNDA:1,(anonymous_1)
FNDA:1,(anonymous_2)
FNDA:1,(anonymous_3)
FNDA:1,(anonymous_4)
FNDA:1,(anonymous_5)
FNDA:1,(anonymous_6)
FNDA:1,(anonymous_7)
DA:5,1
DA:13,1
DA:14,1
DA:16,1
DA:17,1
DA:18,1
DA:20,1
DA:21,1
DA:33,1
DA:34,1
DA:36,1
DA:37,1
DA:50,1
DA:51,1
DA:52,1
DA:53,1
DA:55,1
DA:56,1
DA:62,1
DA:64,1
DA:65,1
DA:78,1
DA:79,1
DA:80,1
DA:83,1
DA:84,1
DA:85,1
DA:101,1
DA:102,1
DA:103,1
DA:104,1
DA:105,1
DA:106,1
DA:109,1
DA:110,1
DA:111,1
DA:128,1
DA:129,1
DA:130,1
DA:131,1
DA:132,1
DA:133,1
DA:134,1
LF:43
LH:43
BRF:0
BRH:0
end_of_record
TN:
SF:D:\taro\amazing-ui\tests\unit\selectOption.spec.js
FN:16,(anonymous_0)
FN:17,(anonymous_1)
FN:20,(anonymous_2)
FN:33,(anonymous_3)
FN:39,(anonymous_4)
FNF:5
FNH:4
FNDA:1,(anonymous_0)
FNDA:1,(anonymous_1)
FNDA:1,(anonymous_2)
FNDA:0,(anonymous_3)
FNDA:1,(anonymous_4)
DA:5,1
DA:13,1
DA:14,1
DA:16,1
DA:17,1
DA:18,1
DA:20,1
DA:21,1
DA:31,1
DA:34,0
DA:38,1
DA:39,1
DA:40,1
DA:41,1
DA:43,1
DA:44,1
DA:45,1
DA:46,1
DA:47,1
LF:19
LH:18
BRF:0
BRH:0
end_of_record
TN:
SF:D:\taro\amazing-ui\src\slides\slides.vue
FN:45,(anonymous_0)
FN:50,(anonymous_1)
FN:59,(anonymous_2)
FN:63,(anonymous_3)
FN:64,(anonymous_4)
FN:66,(anonymous_5)
FN:70,(anonymous_6)
FN:75,(anonymous_7)
FN:78,(anonymous_8)
FN:82,(anonymous_9)
FN:84,(anonymous_10)
FN:87,(anonymous_11)
FN:91,(anonymous_12)
FN:99,(anonymous_13)
FN:102,(anonymous_14)
FN:105,(anonymous_15)
FN:108,(anonymous_16)
FN:111,(anonymous_17)
FN:118,(anonymous_18)
FN:132,(anonymous_19)
FN:136,(anonymous_20)
FN:140,(anonymous_21)
FN:150,(anonymous_22)
FN:154,(anonymous_23)
FN:157,(anonymous_24)
FN:175,(anonymous_25)
FNF:26
FNH:23
FNDA:14,(anonymous_0)
FNDA:8,(anonymous_1)
FNDA:7,(anonymous_2)
FNDA:7,(anonymous_3)
FNDA:21,(anonymous_4)
FNDA:8,(anonymous_5)
FNDA:8,(anonymous_6)
FNDA:46,(anonymous_7)
FNDA:1,(anonymous_8)
FNDA:29,(anonymous_9)
FNDA:79,(anonymous_10)
FNDA:5,(anonymous_11)
FNDA:19,(anonymous_12)
FNDA:1,(anonymous_13)
FNDA:1,(anonymous_14)
FNDA:1,(anonymous_15)
FNDA:1,(anonymous_16)
FNDA:0,(anonymous_17)
FNDA:0,(anonymous_18)
FNDA:0,(anonymous_19)
FNDA:2,(anonymous_20)
FNDA:22,(anonymous_21)
FNDA:73,(anonymous_22)
FNDA:54,(anonymous_23)
FNDA:159,(anonymous_24)
FNDA:159,(anonymous_25)
DA:46,14
DA:51,8
DA:60,7
DA:61,7
DA:64,21
DA:67,8
DA:71,8
DA:72,8
DA:73,8
DA:76,46
DA:79,1
DA:83,29
DA:84,79
DA:88,5
DA:89,0
DA:91,5
DA:92,19
DA:93,19
DA:94,19
DA:95,19
DA:97,5
DA:100,1
DA:103,1
DA:106,1
DA:109,1
DA:112,0
DA:113,0
DA:114,0
DA:116,0
DA:119,0
DA:120,0
DA:121,0
DA:122,0
DA:123,0
DA:124,0
DA:125,0
DA:126,0
DA:127,0
DA:129,0
DA:132,0
DA:133,0
DA:137,2
DA:138,2
DA:141,22
DA:142,22
DA:143,0
DA:145,22
DA:146,0
DA:148,22
DA:151,73
DA:152,73
DA:155,54
DA:156,54
DA:157,54
DA:159,159
DA:160,159
DA:161,93
DA:165,0
DA:167,93
DA:171,0
DA:174,159
DA:175,159
DA:176,159
LF:63
LH:42
BRDA:61,0,0,0
BRDA:61,0,1,7
BRDA:73,1,0,8
BRDA:73,1,1,4
BRDA:88,2,0,0
BRDA:88,2,1,5
BRDA:109,3,0,1
BRDA:109,3,1,1
BRDA:113,4,0,0
BRDA:113,4,1,0
BRDA:125,5,0,0
BRDA:125,5,1,0
BRDA:126,6,0,0
BRDA:126,6,1,0
BRDA:142,7,0,0
BRDA:142,7,1,22
BRDA:145,8,0,0
BRDA:145,8,1,22
BRDA:152,9,0,73
BRDA:152,9,1,1
BRDA:159,10,0,0
BRDA:159,10,1,159
BRDA:160,11,0,93
BRDA:160,11,1,66
BRDA:161,12,0,0
BRDA:161,12,1,93
BRDA:162,13,0,93
BRDA:162,13,1,0
BRDA:167,14,0,0
BRDA:167,14,1,93
BRDA:168,15,0,93
BRDA:168,15,1,63
BRF:32
BRH:18
end_of_record
TN:
SF:D:\taro\amazing-ui\src\slides\slidesItem.vue
FN:18,(anonymous_0)
FN:25,(anonymous_1)
FN:29,(anonymous_2)
FN:32,(anonymous_3)
FNF:4
FNH:3
FNDA:21,(anonymous_0)
FNDA:42,(anonymous_1)
FNDA:21,(anonymous_2)
FNDA:0,(anonymous_3)
DA:19,21
DA:26,42
DA:30,21
DA:33,0
LF:4
LH:3
BRDA:30,0,0,21
BRDA:30,0,1,21
BRDA:33,1,0,0
BRDA:33,1,1,0
BRF:4
BRH:2
end_of_record
TN:
SF:D:\taro\amazing-ui\tests\unit\slides.spec.js
FN:12,(anonymous_0)
FN:13,(anonymous_1)
FN:16,(anonymous_2)
FN:35,(anonymous_3)
FN:40,(anonymous_4)
FN:60,(anonymous_5)
FN:65,(anonymous_6)
FN:85,(anonymous_7)
FN:91,(anonymous_8)
FN:95,(anonymous_9)
FN:120,(anonymous_10)
FN:125,(anonymous_11)
FN:149,(anonymous_12)
FN:155,(anonymous_13)
FN:179,(anonymous_14)
FN:186,(anonymous_15)
FN:211,(anonymous_16)
FN:215,(anonymous_17)
FN:221,(anonymous_18)
FN:224,(anonymous_19)
FNF:20
FNH:20
FNDA:1,(anonymous_0)
FNDA:1,(anonymous_1)
FNDA:1,(anonymous_2)
FNDA:1,(anonymous_3)
FNDA:1,(anonymous_4)
FNDA:1,(anonymous_5)
FNDA:1,(anonymous_6)
FNDA:1,(anonymous_7)
FNDA:1,(anonymous_8)
FNDA:1,(anonymous_9)
FNDA:1,(anonymous_10)
FNDA:1,(anonymous_11)
FNDA:1,(anonymous_12)
FNDA:1,(anonymous_13)
FNDA:1,(anonymous_14)
FNDA:1,(anonymous_15)
FNDA:1,(anonymous_16)
FNDA:1,(anonymous_17)
FNDA:1,(anonymous_18)
FNDA:1,(anonymous_19)
DA:4,1
DA:11,1
DA:12,1
DA:13,1
DA:14,1
DA:16,1
DA:17,1
DA:35,1
DA:36,1
DA:37,1
DA:40,1
DA:41,1
DA:60,1
DA:61,1
DA:62,1
DA:65,1
DA:66,1
DA:86,1
DA:87,1
DA:91,1
DA:92,1
DA:95,1
DA:96,1
DA:97,1
DA:120,1
DA:121,1
DA:122,1
DA:125,1
DA:126,1
DA:127,1
DA:149,1
DA:150,1
DA:151,1
DA:152,1
DA:155,1
DA:156,1
DA:157,1
DA:179,1
DA:180,1
DA:181,1
DA:182,1
DA:186,1
DA:187,1
DA:188,1
DA:211,1
DA:212,1
DA:213,1
DA:214,1
DA:215,1
DA:216,1
DA:217,1
DA:221,1
DA:222,1
DA:223,1
DA:225,1
DA:228,1
DA:229,1
LF:57
LH:57
BRF:0
BRH:0
end_of_record
TN:
SF:D:\taro\amazing-ui\tests\unit\subNav.spec.js
FN:16,(anonymous_0)
FN:17,(anonymous_1)
FN:20,(anonymous_2)
FN:21,(anonymous_3)
FN:35,(anonymous_4)
FNF:5
FNH:4
FNDA:1,(anonymous_0)
FNDA:1,(anonymous_1)
FNDA:1,(anonymous_2)
FNDA:1,(anonymous_3)
FNDA:0,(anonymous_4)
DA:4,1
DA:12,1
DA:13,1
DA:14,1
DA:16,1
DA:17,1
DA:18,1
DA:20,1
DA:21,1
DA:22,1
DA:33,1
DA:36,0
DA:40,1
LF:13
LH:12
BRF:0
BRH:0
end_of_record
TN:
SF:D:\taro\amazing-ui\src\table\table.vue
FN:71,(anonymous_0)
FN:77,(anonymous_1)
FN:78,(anonymous_2)
FN:79,(anonymous_3)
FN:90,(anonymous_4)
FN:102,(anonymous_5)
FN:121,(anonymous_6)
FN:129,(anonymous_7)
FN:130,(anonymous_8)
FN:131,(anonymous_9)
FN:144,(anonymous_10)
FN:155,(anonymous_11)
FN:160,(anonymous_12)
FN:164,(anonymous_13)
FN:175,(anonymous_14)
FN:176,(anonymous_15)
FN:182,(anonymous_16)
FN:199,(anonymous_17)
FN:204,(anonymous_18)
FN:209,(anonymous_19)
FN:217,(anonymous_20)
FN:224,(anonymous_21)
FN:227,(anonymous_22)
FN:228,(anonymous_23)
FN:232,(anonymous_24)
FN:238,(anonymous_25)
FN:242,(anonymous_26)
FN:251,(anonymous_27)
FNF:28
FNH:0
FNDA:0,(anonymous_0)
FNDA:0,(anonymous_1)
FNDA:0,(anonymous_2)
FNDA:0,(anonymous_3)
FNDA:0,(anonymous_4)
FNDA:0,(anonymous_5)
FNDA:0,(anonymous_6)
FNDA:0,(anonymous_7)
FNDA:0,(anonymous_8)
FNDA:0,(anonymous_9)
FNDA:0,(anonymous_10)
FNDA:0,(anonymous_11)
FNDA:0,(anonymous_12)
FNDA:0,(anonymous_13)
FNDA:0,(anonymous_14)
FNDA:0,(anonymous_15)
FNDA:0,(anonymous_16)
FNDA:0,(anonymous_17)
FNDA:0,(anonymous_18)
FNDA:0,(anonymous_19)
FNDA:0,(anonymous_20)
FNDA:0,(anonymous_21)
FNDA:0,(anonymous_22)
FNDA:0,(anonymous_23)
FNDA:0,(anonymous_24)
FNDA:0,(anonymous_25)
FNDA:0,(anonymous_26)
FNDA:0,(anonymous_27)
DA:71,0
DA:77,0
DA:79,0
DA:90,0
DA:102,0
DA:122,0
DA:130,0
DA:131,0
DA:132,0
DA:133,0
DA:135,0
DA:136,0
DA:137,0
DA:138,0
DA:139,0
DA:142,0
DA:145,0
DA:146,0
DA:147,0
DA:149,0
DA:150,0
DA:152,0
DA:156,0
DA:157,0
DA:158,0
DA:161,0
DA:165,0
DA:166,0
DA:167,0
DA:168,0
DA:170,0
DA:176,0
DA:177,0
DA:178,0
DA:179,0
DA:183,0
DA:184,0
DA:185,0
DA:186,0
DA:187,0
DA:188,0
DA:189,0
DA:190,0
DA:191,0
DA:193,0
DA:198,0
DA:199,0
DA:200,0
DA:205,0
DA:206,0
DA:207,0
DA:208,0
DA:209,0
DA:210,0
DA:211,0
DA:212,0
DA:213,0
DA:214,0
DA:218,0
DA:219,0
DA:221,0
DA:225,0
DA:228,0
DA:233,0
DA:234,0
DA:235,0
DA:236,0
DA:238,0
DA:240,0
DA:243,0
DA:244,0
DA:245,0
DA:246,0
DA:248,0
DA:252,0
DA:253,0
DA:254,0
DA:255,0
DA:256,0
DA:257,0
DA:259,0
DA:261,0
LF:82
LH:0
BRDA:132,0,0,0
BRDA:132,0,1,0
BRDA:137,1,0,0
BRDA:137,1,1,0
BRDA:146,2,0,0
BRDA:146,2,1,0
BRDA:149,3,0,0
BRDA:149,3,1,0
BRDA:165,4,0,0
BRDA:165,4,1,0
BRDA:167,5,0,0
BRDA:167,5,1,0
BRDA:178,6,0,0
BRDA:178,6,1,0
BRDA:183,7,0,0
BRDA:183,7,1,0
BRDA:218,8,0,0
BRDA:218,8,1,0
BRDA:228,9,0,0
BRDA:228,9,1,0
BRDA:235,10,0,0
BRDA:235,10,1,0
BRDA:245,11,0,0
BRDA:245,11,1,0
BRDA:254,12,0,0
BRDA:254,12,1,0
BRDA:256,13,0,0
BRDA:256,13,1,0
BRF:28
BRH:0
end_of_record
TN:
SF:D:\taro\amazing-ui\src\table\tableColumn.vue
FNF:0
FNH:0
LF:0
LH:0
BRF:0
BRH:0
end_of_record
TN:
SF:D:\taro\amazing-ui\tests\unit\table.spec.js
FN:14,(anonymous_0)
FN:15,(anonymous_1)
FN:18,(anonymous_2)
FNF:3
FNH:2
FNDA:1,(anonymous_0)
FNDA:1,(anonymous_1)
FNDA:0,(anonymous_2)
DA:4,1
DA:11,1
DA:12,1
DA:14,1
DA:15,1
DA:16,1
DA:18,1
DA:19,0
LF:8
LH:7
BRF:0
BRH:0
end_of_record
TN:
SF:D:\taro\amazing-ui\src\tabs\tabs.vue
FN:19,(anonymous_0)
FN:24,(anonymous_1)
FN:29,(anonymous_2)
FN:36,(anonymous_3)
FN:40,(anonymous_4)
FN:45,(anonymous_5)
FN:54,(anonymous_6)
FN:55,(anonymous_7)
FN:57,(anonymous_8)
FNF:9
FNH:9
FNDA:3,(anonymous_0)
FNDA:3,(anonymous_1)
FNDA:3,(anonymous_2)
FNDA:3,(anonymous_3)
FNDA:3,(anonymous_4)
FNDA:3,(anonymous_5)
FNDA:3,(anonymous_6)
FNDA:4,(anonymous_7)
FNDA:6,(anonymous_8)
DA:20,3
DA:25,3
DA:30,3
DA:37,3
DA:41,3
DA:42,3
DA:46,3
DA:47,1
DA:55,3
DA:56,4
DA:57,2
DA:58,6
DA:62,2
LF:13
LH:13
BRDA:46,0,0,1
BRDA:46,0,1,2
BRDA:47,1,0,1
BRDA:47,1,1,1
BRDA:47,1,2,1
BRDA:56,2,0,2
BRDA:56,2,1,2
BRDA:58,3,0,2
BRDA:58,3,1,4
BRDA:59,4,0,6
BRDA:59,4,1,6
BRDA:62,5,0,2
BRDA:62,5,1,2
BRF:13
BRH:13
end_of_record
TN:
SF:D:\taro\amazing-ui\src\tabs\tabsHeader.vue
FN:16,(anonymous_0)
FN:18,(anonymous_1)
FN:23,(anonymous_2)
FN:25,(anonymous_3)
FNF:4
FNH:4
FNDA:2,(anonymous_0)
FNDA:2,(anonymous_1)
FNDA:2,(anonymous_2)
FNDA:2,(anonymous_3)
DA:17,2
DA:19,2
DA:25,2
DA:29,2
DA:35,2
DA:36,2
DA:37,1
DA:38,1
DA:40,1
DA:41,1
LF:10
LH:10
BRDA:17,0,0,2
BRDA:17,0,1,2
BRDA:36,1,0,1
BRDA:36,1,1,1
BRF:4
BRH:4
end_of_record
TN:
SF:D:\taro\amazing-ui\src\tabs\tabsBody.vue
FNF:0
FNH:0
LF:0
LH:0
BRF:0
BRH:0
end_of_record
TN:
SF:D:\taro\amazing-ui\src\tabs\tabsItem.vue
FN:21,(anonymous_0)
FN:27,(anonymous_1)
FN:35,(anonymous_2)
FN:37,(anonymous_3)
FN:42,(anonymous_4)
FNF:5
FNH:5
FNDA:9,(anonymous_0)
FNDA:11,(anonymous_1)
FNDA:9,(anonymous_2)
FNDA:6,(anonymous_3)
FNDA:2,(anonymous_4)
DA:22,9
DA:28,11
DA:36,9
DA:38,6
DA:43,2
DA:44,1
DA:46,1
DA:47,1
LF:8
LH:8
BRDA:36,0,0,9
BRDA:36,0,1,6
BRDA:43,1,0,1
BRDA:43,1,1,1
BRDA:46,2,0,1
BRDA:46,2,1,0
BRF:6
BRH:5
end_of_record
TN:
SF:D:\taro\amazing-ui\src\tabs\tabsPane.vue
FN:17,(anonymous_0)
FN:23,(anonymous_1)
FN:29,(anonymous_2)
FN:31,(anonymous_3)
FNF:4
FNH:4
FNDA:6,(anonymous_0)
FNDA:2,(anonymous_1)
FNDA:6,(anonymous_2)
FNDA:6,(anonymous_3)
DA:18,6
DA:24,2
DA:30,6
DA:32,6
LF:4
LH:4
BRDA:30,0,0,6
BRDA:30,0,1,6
BRF:2
BRH:2
end_of_record
TN:
SF:D:\taro\amazing-ui\tests\unit\tabs.spec.js
FN:20,(anonymous_0)
FN:21,(anonymous_1)
FN:24,(anonymous_2)
FN:44,(anonymous_3)
FN:52,(anonymous_4)
FN:73,(anonymous_5)
FN:79,(anonymous_6)
FN:88,(anonymous_7)
FNF:8
FNH:8
FNDA:1,(anonymous_0)
FNDA:1,(anonymous_1)
FNDA:1,(anonymous_2)
FNDA:1,(anonymous_3)
FNDA:1,(anonymous_4)
FNDA:1,(anonymous_5)
FNDA:1,(anonymous_6)
FNDA:1,(anonymous_7)
DA:4,1
DA:14,1
DA:15,1
DA:16,1
DA:17,1
DA:18,1
DA:20,1
DA:21,1
DA:22,1
DA:24,1
DA:25,1
DA:44,1
DA:45,1
DA:46,1
DA:47,1
DA:49,1
DA:52,1
DA:53,1
DA:73,1
DA:74,1
DA:75,1
DA:76,1
DA:79,1
DA:80,1
DA:88,1
DA:89,1
DA:90,1
LF:27
LH:27
BRF:0
BRH:0
end_of_record
TN:
SF:D:\taro\amazing-ui\tests\unit\tabsItem.spec.js
FN:20,(anonymous_0)
FN:21,(anonymous_1)
FN:24,(anonymous_2)
FN:30,(anonymous_3)
FN:35,(anonymous_4)
FN:46,(anonymous_5)
FN:53,(anonymous_6)
FN:65,(anonymous_7)
FNF:8
FNH:8
FNDA:1,(anonymous_0)
FNDA:1,(anonymous_1)
FNDA:1,(anonymous_2)
FNDA:1,(anonymous_3)
FNDA:1,(anonymous_4)
FNDA:1,(anonymous_5)
FNDA:1,(anonymous_6)
FNDA:1,(anonymous_7)
DA:5,1
DA:14,1
DA:15,1
DA:16,1
DA:17,1
DA:18,1
DA:20,1
DA:21,1
DA:22,1
DA:24,1
DA:25,1
DA:30,1
DA:31,1
DA:32,1
DA:35,1
DA:36,1
DA:37,1
DA:46,1
DA:47,1
DA:48,1
DA:49,1
DA:50,1
DA:53,1
DA:54,1
DA:55,1
DA:65,1
DA:66,1
DA:68,1
LF:28
LH:28
BRF:0
BRH:0
end_of_record
TN:
SF:D:\taro\amazing-ui\src\toast\toast.vue
FN:20,(anonymous_0)
FN:34,(anonymous_1)
FN:48,(anonymous_2)
FN:58,(anonymous_3)
FN:62,(anonymous_4)
FN:66,(anonymous_5)
FN:69,(anonymous_6)
FN:74,(anonymous_7)
FN:80,(anonymous_8)
FNF:9
FNH:9
FNDA:4,(anonymous_0)
FNDA:4,(anonymous_1)
FNDA:4,(anonymous_2)
FNDA:4,(anonymous_3)
FNDA:4,(anonymous_4)
FNDA:4,(anonymous_5)
FNDA:2,(anonymous_6)
FNDA:3,(anonymous_7)
FNDA:1,(anonymous_8)
DA:21,4
DA:35,4
DA:49,4
DA:59,4
DA:63,4
DA:67,4
DA:68,4
DA:69,3
DA:70,2
DA:75,3
DA:76,3
DA:77,3
DA:78,3
DA:81,1
LF:14
LH:14
BRDA:21,0,0,4
BRDA:21,0,1,3
BRDA:67,1,0,3
BRDA:67,1,1,1
BRDA:68,2,0,3
BRDA:68,2,1,1
BRDA:78,3,0,3
BRDA:78,3,1,2
BRF:8
BRH:8
end_of_record
TN:
SF:D:\taro\amazing-ui\tests\unit\toast.spec.js
FN:8,(anonymous_0)
FN:9,(anonymous_1)
FN:12,(anonymous_2)
FN:25,(anonymous_3)
FN:30,(anonymous_4)
FN:45,(anonymous_5)
FN:51,(anonymous_6)
FN:71,(anonymous_7)
FNF:8
FNH:8
FNDA:1,(anonymous_0)
FNDA:1,(anonymous_1)
FNDA:1,(anonymous_2)
FNDA:1,(anonymous_3)
FNDA:1,(anonymous_4)
FNDA:1,(anonymous_5)
FNDA:1,(anonymous_6)
FNDA:1,(anonymous_7)
DA:4,1
DA:8,1
DA:9,1
DA:10,1
DA:12,1
DA:13,1
DA:14,1
DA:25,1
DA:26,1
DA:27,1
DA:30,1
DA:31,1
DA:32,1
DA:33,1
DA:45,1
DA:46,1
DA:47,1
DA:48,1
DA:51,1
DA:52,1
DA:53,1
DA:54,1
DA:67,1
DA:68,1
DA:69,1
DA:71,1
DA:72,1
DA:81,1
LF:28
LH:28
BRF:0
BRH:0
end_of_record
TN:
SF:D:\taro\amazing-ui\src\http.js
FN:1,core
FN:4,(anonymous_1)
FN:7,(anonymous_2)
FN:13,(anonymous_3)
FN:16,(anonymous_4)
FN:19,(anonymous_5)
FN:22,(anonymous_6)
FNF:7
FNH:0
FNDA:0,core
FNDA:0,(anonymous_1)
FNDA:0,(anonymous_2)
FNDA:0,(anonymous_3)
FNDA:0,(anonymous_4)
FNDA:0,(anonymous_5)
FNDA:0,(anonymous_6)
DA:2,0
DA:3,0
DA:4,0
DA:5,0
DA:7,0
DA:8,0
DA:10,0
DA:14,0
DA:17,0
DA:20,0
DA:23,0
LF:11
LH:0
BRDA:5,0,0,0
BRDA:5,0,1,0
BRDA:8,1,0,0
BRDA:8,1,1,0
BRF:4
BRH:0
end_of_record
TN:
SF:D:\taro\amazing-ui\src\uploader\uploader.vue
FN:51,(anonymous_0)
FN:59,(anonymous_1)
FN:64,(anonymous_2)
FN:66,(anonymous_3)
FN:68,(anonymous_4)
FN:74,(anonymous_5)
FN:83,(anonymous_6)
FN:100,(anonymous_7)
FN:104,(anonymous_8)
FN:110,(anonymous_9)
FN:120,(anonymous_10)
FN:127,(anonymous_11)
FN:128,(anonymous_12)
FN:138,(anonymous_13)
FN:139,(anonymous_14)
FN:152,(anonymous_15)
FN:153,(anonymous_16)
FN:161,(anonymous_17)
FN:168,(anonymous_18)
FNF:19
FNH:4
FNDA:0,(anonymous_0)
FNDA:1,(anonymous_1)
FNDA:1,(anonymous_2)
FNDA:1,(anonymous_3)
FNDA:0,(anonymous_4)
FNDA:1,(anonymous_5)
FNDA:0,(anonymous_6)
FNDA:0,(anonymous_7)
FNDA:0,(anonymous_8)
FNDA:0,(anonymous_9)
FNDA:0,(anonymous_10)
FNDA:0,(anonymous_11)
FNDA:0,(anonymous_12)
FNDA:0,(anonymous_13)
FNDA:0,(anonymous_14)
FNDA:0,(anonymous_15)
FNDA:0,(anonymous_16)
FNDA:0,(anonymous_17)
FNDA:0,(anonymous_18)
DA:51,0
DA:60,1
DA:67,1
DA:68,1
DA:69,0
DA:70,0
DA:72,1
DA:75,1
DA:76,1
DA:77,1
DA:78,1
DA:79,1
DA:80,1
DA:81,1
DA:84,0
DA:85,0
DA:86,0
DA:87,0
DA:88,0
DA:89,0
DA:91,0
DA:92,0
DA:94,0
DA:95,0
DA:96,0
DA:97,0
DA:98,0
DA:101,0
DA:102,0
DA:105,0
DA:111,0
DA:112,0
DA:113,0
DA:114,0
DA:115,0
DA:116,0
DA:117,0
DA:120,0
DA:121,0
DA:122,0
DA:124,0
DA:125,0
DA:128,0
DA:129,0
DA:130,0
DA:131,0
DA:132,0
DA:133,0
DA:134,0
DA:135,0
DA:136,0
DA:139,0
DA:140,0
DA:141,0
DA:142,0
DA:143,0
DA:144,0
DA:145,0
DA:147,0
DA:148,0
DA:150,0
DA:153,0
DA:154,0
DA:155,0
DA:156,0
DA:157,0
DA:159,0
DA:162,0
DA:169,0
DA:170,0
DA:171,0
DA:172,0
DA:173,0
DA:174,0
LF:74
LH:11
BRDA:91,0,0,0
BRDA:91,0,1,0
BRDA:115,1,0,0
BRDA:115,1,1,0
BRDA:147,2,0,0
BRDA:147,2,1,0
BRDA:170,3,0,0
BRDA:170,3,1,0
BRF:8
BRH:0
end_of_record
TN:
SF:D:\taro\amazing-ui\tests\unit\uploader.spec.js
FN:11,(anonymous_0)
FN:12,(anonymous_1)
FN:15,(anonymous_2)
FN:16,(anonymous_3)
FN:17,(anonymous_4)
FN:26,(anonymous_5)
FN:36,(anonymous_6)
FN:39,(anonymous_7)
FNF:8
FNH:3
FNDA:1,(anonymous_0)
FNDA:1,(anonymous_1)
FNDA:1,(anonymous_2)
FNDA:0,(anonymous_3)
FNDA:0,(anonymous_4)
FNDA:0,(anonymous_5)
FNDA:0,(anonymous_6)
FNDA:0,(anonymous_7)
DA:4,1
DA:11,1
DA:12,1
DA:13,1
DA:15,1
DA:16,1
DA:17,0
DA:18,0
DA:21,1
DA:27,0
DA:28,0
DA:37,0
DA:40,0
DA:41,0
DA:42,0
DA:43,0
DA:47,1
DA:48,1
DA:49,1
DA:50,1
DA:52,1
DA:53,1
DA:54,1
DA:58,1
LF:24
LH:15
BRF:0
BRH:0
end_of_record
TN:
SF:D:\taro\amazing-ui\src\validate.js
FN:2,(anonymous_0)
FN:3,(anonymous_1)
FN:6,(anonymous_2)
FN:8,(anonymous_3)
FN:19,(anonymous_4)
FN:21,(anonymous_5)
FN:35,(anonymous_6)
FN:40,(anonymous_7)
FN:43,(anonymous_8)
FN:60,(anonymous_9)
FN:66,(anonymous_10)
FN:73,ensureArray
FNF:12
FNH:12
FNDA:16,(anonymous_0)
FNDA:1,(anonymous_1)
FNDA:16,(anonymous_2)
FNDA:16,(anonymous_3)
FNDA:35,(anonymous_4)
FNDA:14,(anonymous_5)
FNDA:9,(anonymous_6)
FNDA:1,(anonymous_7)
FNDA:6,(anonymous_8)
FNDA:1,(anonymous_9)
FNDA:1,(anonymous_10)
FNDA:12,ensureArray
DA:4,1
DA:7,16
DA:8,16
DA:9,16
DA:10,16
DA:11,9
DA:12,9
DA:13,2
DA:14,2
DA:15,2
DA:18,14
DA:19,35
DA:21,14
DA:22,14
DA:23,14
DA:24,12
DA:25,10
DA:26,10
DA:29,0
DA:33,14
DA:36,9
DA:37,2
DA:41,1
DA:44,6
DA:45,2
DA:47,6
DA:48,1
DA:50,6
DA:51,0
DA:53,6
DA:54,0
DA:56,6
DA:57,4
DA:61,1
DA:62,1
DA:67,1
DA:68,1
DA:74,12
DA:75,11
LF:39
LH:36
BRDA:10,0,0,9
BRDA:10,0,1,7
BRDA:12,1,0,2
BRDA:12,1,1,7
BRDA:19,2,0,35
BRDA:19,2,1,21
BRDA:22,3,0,14
BRDA:22,3,1,0
BRDA:24,4,0,10
BRDA:24,4,1,2
BRDA:36,5,0,2
BRDA:36,5,1,7
BRDA:36,6,0,9
BRDA:36,6,1,3
BRDA:44,7,0,2
BRDA:44,7,1,4
BRDA:47,8,0,1
BRDA:47,8,1,5
BRDA:50,9,0,0
BRDA:50,9,1,6
BRDA:53,10,0,0
BRDA:53,10,1,6
BRDA:56,11,0,4
BRDA:56,11,1,2
BRDA:61,12,0,1
BRDA:61,12,1,0
BRDA:67,13,0,1
BRDA:67,13,1,0
BRDA:74,14,0,11
BRDA:74,14,1,1
BRF:30
BRH:25
end_of_record
TN:
SF:D:\taro\amazing-ui\tests\unit\validate.spec.js
FN:7,(anonymous_0)
FN:8,(anonymous_1)
FN:11,(anonymous_2)
FN:20,(anonymous_3)
FN:29,(anonymous_4)
FN:38,(anonymous_5)
FN:47,(anonymous_6)
FN:56,(anonymous_7)
FN:65,(anonymous_8)
FN:74,(anonymous_9)
FN:84,(anonymous_10)
FN:93,(anonymous_11)
FN:103,(anonymous_12)
FN:109,(anonymous_13)
FN:114,(anonymous_14)
FN:120,(anonymous_15)
FN:126,(anonymous_16)
FN:132,(anonymous_17)
FN:139,(anonymous_18)
FN:144,(anonymous_19)
FN:147,(anonymous_20)
FN:151,(anonymous_21)
FN:156,(anonymous_22)
FN:163,(anonymous_23)
FN:166,(anonymous_24)
FNF:25
FNH:25
FNDA:1,(anonymous_0)
FNDA:1,(anonymous_1)
FNDA:1,(anonymous_2)
FNDA:1,(anonymous_3)
FNDA:1,(anonymous_4)
FNDA:1,(anonymous_5)
FNDA:1,(anonymous_6)
FNDA:1,(anonymous_7)
FNDA:1,(anonymous_8)
FNDA:1,(anonymous_9)
FNDA:1,(anonymous_10)
FNDA:1,(anonymous_11)
FNDA:1,(anonymous_12)
FNDA:1,(anonymous_13)
FNDA:1,(anonymous_14)
FNDA:1,(anonymous_15)
FNDA:1,(anonymous_16)
FNDA:1,(anonymous_17)
FNDA:1,(anonymous_18)
FNDA:1,(anonymous_19)
FNDA:1,(anonymous_20)
FNDA:1,(anonymous_21)
FNDA:2,(anonymous_22)
FNDA:1,(anonymous_23)
FNDA:1,(anonymous_24)
DA:3,1
DA:7,1
DA:8,1
DA:9,1
DA:11,1
DA:12,1
DA:15,1
DA:16,1
DA:17,1
DA:18,1
DA:20,1
DA:21,1
DA:24,1
DA:25,1
DA:26,1
DA:27,1
DA:29,1
DA:30,1
DA:33,1
DA:34,1
DA:35,1
DA:36,1
DA:38,1
DA:39,1
DA:42,1
DA:43,1
DA:44,1
DA:45,1
DA:47,1
DA:48,1
DA:51,1
DA:52,1
DA:53,1
DA:54,1
DA:56,1
DA:57,1
DA:60,1
DA:61,1
DA:62,1
DA:63,1
DA:65,1
DA:66,1
DA:69,1
DA:70,1
DA:71,1
DA:72,1
DA:74,1
DA:75,1
DA:78,1
DA:79,1
DA:80,1
DA:81,1
DA:82,1
DA:84,1
DA:85,1
DA:88,1
DA:89,1
DA:90,1
DA:91,1
DA:93,1
DA:94,1
DA:97,1
DA:98,1
DA:99,1
DA:100,1
DA:101,1
DA:103,1
DA:104,1
DA:107,1
DA:108,1
DA:109,1
DA:110,1
DA:112,1
DA:114,1
DA:115,1
DA:118,1
DA:119,1
DA:120,1
DA:121,1
DA:122,1
DA:126,1
DA:127,1
DA:129,1
DA:130,1
DA:132,1
DA:133,1
DA:136,1
DA:137,1
DA:138,1
DA:139,1
DA:140,1
DA:141,1
DA:144,1
DA:145,1
DA:147,1
DA:148,1
DA:151,1
DA:152,1
DA:155,1
DA:156,1
DA:157,2
DA:158,2
DA:161,1
DA:162,1
DA:163,1
DA:164,1
DA:166,1
DA:167,1
LF:108
LH:108
BRDA:121,0,0,1
BRDA:121,0,1,0
BRDA:140,1,0,1
BRDA:140,1,1,0
BRDA:157,2,0,2
BRDA:157,2,1,0
BRF:6
BRH:3
end_of_record
