TN:
SF:D:\taro\gulu\src\svg.js
FN:1,(anonymous_0)
FN:1,(anonymous_1)
FN:1,(anonymous_2)
FN:1,(anonymous_3)
FN:1,(anonymous_4)
FN:1,(anonymous_5)
FN:1,(anonymous_6)
FN:1,(anonymous_7)
FN:1,(anonymous_8)
FNF:9
FNH:6
FNDA:13,(anonymous_0)
FNDA:13,(anonymous_1)
FNDA:13,(anonymous_2)
FNDA:0,(anonymous_3)
FNDA:0,(anonymous_4)
FNDA:0,(anonymous_5)
FNDA:13,(anonymous_6)
FNDA:13,(anonymous_7)
FNDA:13,(anonymous_8)
DA:1,13
LF:1
LH:1
BRDA:1,0,0,0
BRDA:1,0,1,13
BRDA:1,1,0,13
BRDA:1,1,1,0
BRDA:1,2,0,0
BRDA:1,2,1,0
BRDA:1,3,0,13
BRDA:1,3,1,0
BRDA:1,4,0,0
BRDA:1,4,1,13
BRDA:1,5,0,0
BRDA:1,5,1,0
BRDA:1,6,0,0
BRDA:1,6,1,0
BRDA:1,7,0,0
BRDA:1,7,1,0
BRDA:1,8,0,13
BRDA:1,8,1,13
BRDA:1,9,0,13
BRDA:1,9,1,0
BRF:20
BRH:7
end_of_record
TN:
SF:D:\taro\gulu\src\icon.vue
FNF:0
FNH:0
LF:0
LH:0
BRF:0
BRH:0
end_of_record
TN:
SF:D:\taro\gulu\src\button\button.vue
FN:25,(anonymous_0)
FNF:1
FNH:1
FNDA:5,(anonymous_0)
DA:26,5
LF:1
LH:1
BRDA:26,0,0,5
BRDA:26,0,1,1
BRF:2
BRH:2
end_of_record
TN:
SF:D:\taro\gulu\tests\unit\button.spec.js
FN:10,(anonymous_0)
FN:11,(anonymous_1)
FN:14,(anonymous_2)
FN:15,(anonymous_3)
FN:24,(anonymous_4)
FN:34,(anonymous_5)
FN:47,(anonymous_6)
FN:61,(anonymous_7)
FN:62,(anonymous_8)
FNF:9
FNH:9
FNDA:1,(anonymous_0)
FNDA:1,(anonymous_1)
FNDA:1,(anonymous_2)
FNDA:1,(anonymous_3)
FNDA:1,(anonymous_4)
FNDA:1,(anonymous_5)
FNDA:1,(anonymous_6)
FNDA:1,(anonymous_7)
FNDA:1,(anonymous_8)
DA:4,1
DA:10,1
DA:11,1
DA:12,1
DA:14,1
DA:15,1
DA:16,1
DA:21,1
DA:22,1
DA:24,1
DA:25,1
DA:30,1
DA:31,1
DA:32,1
DA:34,1
DA:35,1
DA:42,1
DA:43,1
DA:44,1
DA:45,1
DA:47,1
DA:48,1
DA:55,1
DA:56,1
DA:57,1
DA:58,1
DA:61,1
DA:62,1
DA:63,1
DA:68,1
DA:69,1
DA:70,1
DA:71,1
DA:72,1
LF:34
LH:34
BRF:0
BRH:0
end_of_record
TN:
SF:D:\taro\gulu\src\checkbox\index.vue
FN:46,(anonymous_0)
FN:55,(anonymous_1)
FN:64,(anonymous_2)
FN:67,(anonymous_3)
FN:70,(anonymous_4)
FN:79,(anonymous_5)
FN:89,(anonymous_6)
FN:92,(anonymous_7)
FN:95,(anonymous_8)
FNF:9
FNH:9
FNDA:10,(anonymous_0)
FNDA:10,(anonymous_1)
FNDA:10,(anonymous_2)
FNDA:8,(anonymous_3)
FNDA:10,(anonymous_4)
FNDA:2,(anonymous_5)
FNDA:2,(anonymous_6)
FNDA:2,(anonymous_7)
FNDA:7,(anonymous_8)
DA:47,10
DA:53,10
DA:56,10
DA:57,2
DA:59,8
DA:60,2
DA:62,6
DA:65,10
DA:68,8
DA:71,10
DA:80,2
DA:81,2
DA:82,1
DA:84,1
DA:85,1
DA:87,2
DA:90,2
DA:93,2
DA:96,7
DA:97,1
DA:99,6
DA:100,2
DA:101,4
DA:102,2
DA:104,2
LF:25
LH:25
BRDA:56,0,0,2
BRDA:56,0,1,8
BRDA:59,1,0,2
BRDA:59,1,1,6
BRDA:81,2,0,1
BRDA:81,2,1,1
BRDA:85,3,0,1
BRDA:85,3,1,1
BRDA:90,4,0,1
BRDA:90,4,1,1
BRDA:93,5,0,1
BRDA:93,5,1,1
BRDA:96,6,0,1
BRDA:96,6,1,6
BRDA:99,7,0,2
BRDA:99,7,1,4
BRDA:101,8,0,2
BRDA:101,8,1,2
BRF:18
BRH:18
end_of_record
TN:
SF:D:\taro\gulu\tests\unit\checkbox.spec.js
FN:10,(anonymous_0)
FN:11,(anonymous_1)
FN:14,(anonymous_2)
FN:25,(anonymous_3)
FN:34,(anonymous_4)
FN:44,(anonymous_5)
FN:52,(anonymous_6)
FN:65,(anonymous_7)
FN:70,(anonymous_8)
FN:83,(anonymous_9)
FN:88,(anonymous_10)
FN:101,(anonymous_11)
FN:106,(anonymous_12)
FN:119,(anonymous_13)
FN:124,(anonymous_14)
FN:137,(anonymous_15)
FNF:16
FNH:16
FNDA:1,(anonymous_0)
FNDA:1,(anonymous_1)
FNDA:1,(anonymous_2)
FNDA:1,(anonymous_3)
FNDA:1,(anonymous_4)
FNDA:1,(anonymous_5)
FNDA:1,(anonymous_6)
FNDA:1,(anonymous_7)
FNDA:1,(anonymous_8)
FNDA:1,(anonymous_9)
FNDA:1,(anonymous_10)
FNDA:1,(anonymous_11)
FNDA:1,(anonymous_12)
FNDA:1,(anonymous_13)
FNDA:1,(anonymous_14)
FNDA:1,(anonymous_15)
DA:5,1
DA:10,1
DA:11,1
DA:12,1
DA:14,1
DA:15,1
DA:16,1
DA:22,1
DA:23,1
DA:25,1
DA:26,1
DA:32,1
DA:34,1
DA:35,1
DA:41,1
DA:42,1
DA:44,1
DA:45,1
DA:50,1
DA:52,1
DA:53,1
DA:54,1
DA:64,1
DA:65,1
DA:66,1
DA:67,1
DA:70,1
DA:71,1
DA:72,1
DA:82,1
DA:83,1
DA:84,1
DA:85,1
DA:88,1
DA:89,1
DA:90,1
DA:99,1
DA:100,1
DA:101,1
DA:102,1
DA:103,1
DA:106,1
DA:107,1
DA:108,1
DA:117,1
DA:118,1
DA:119,1
DA:120,1
DA:121,1
DA:124,1
DA:125,1
DA:126,1
DA:134,1
DA:135,1
DA:137,1
DA:138,1
DA:139,1
DA:147,1
DA:148,1
LF:59
LH:59
BRF:0
BRH:0
end_of_record
TN:
SF:D:\taro\gulu\src\grid\gCol.vue
FN:8,(anonymous_0)
FN:10,(anonymous_1)
FN:43,(anonymous_2)
FN:49,(anonymous_3)
FN:59,(anonymous_4)
FN:71,(anonymous_5)
FNF:6
FNH:6
FNDA:4,(anonymous_0)
FNDA:8,(anonymous_1)
FNDA:9,(anonymous_2)
FNDA:9,(anonymous_3)
FNDA:12,(anonymous_4)
FNDA:45,(anonymous_5)
DA:8,2
DA:9,4
DA:10,4
DA:11,8
DA:12,0
DA:15,4
DA:44,9
DA:50,9
DA:51,9
DA:60,12
DA:61,12
DA:62,3
DA:72,45
DA:73,13
DA:74,13
DA:75,8
DA:77,13
DA:78,5
DA:80,13
LF:19
LH:18
BRDA:11,0,0,0
BRDA:11,0,1,8
BRDA:61,1,0,3
BRDA:61,1,1,9
BRDA:71,2,0,9
BRDA:72,3,0,32
BRDA:72,3,1,13
BRDA:74,4,0,8
BRDA:74,4,1,5
BRDA:77,5,0,5
BRDA:77,5,1,8
BRF:11
BRH:10
end_of_record
TN:
SF:D:\taro\gulu\tests\unit\col.spec.js
FN:6,(anonymous_0)
FN:7,(anonymous_1)
FN:10,(anonymous_2)
FN:11,(anonymous_3)
FN:20,(anonymous_4)
FN:29,(anonymous_5)
FN:42,(anonymous_6)
FN:56,(anonymous_7)
FN:70,(anonymous_8)
FNF:9
FNH:9
FNDA:1,(anonymous_0)
FNDA:1,(anonymous_1)
FNDA:1,(anonymous_2)
FNDA:1,(anonymous_3)
FNDA:1,(anonymous_4)
FNDA:1,(anonymous_5)
FNDA:1,(anonymous_6)
FNDA:1,(anonymous_7)
FNDA:1,(anonymous_8)
DA:6,1
DA:7,1
DA:8,1
DA:10,1
DA:11,1
DA:12,1
DA:17,1
DA:18,1
DA:20,1
DA:21,1
DA:26,1
DA:27,1
DA:29,1
DA:30,1
DA:38,1
DA:39,1
DA:40,1
DA:42,1
DA:43,1
DA:52,1
DA:53,1
DA:54,1
DA:56,1
DA:57,1
DA:66,1
DA:67,1
DA:68,1
DA:70,1
DA:72,1
DA:80,1
DA:81,1
DA:82,1
LF:32
LH:32
BRF:0
BRH:0
end_of_record
TN:
SF:D:\taro\gulu\src\collapse\collapse.vue
FN:14,(anonymous_0)
FN:22,(anonymous_1)
FN:27,(anonymous_2)
FN:32,(anonymous_3)
FN:39,(anonymous_4)
FN:40,(anonymous_5)
FN:50,(anonymous_6)
FN:51,(anonymous_7)
FNF:8
FNH:8
FNDA:1,(anonymous_0)
FNDA:4,(anonymous_1)
FNDA:4,(anonymous_2)
FNDA:4,(anonymous_3)
FNDA:4,(anonymous_4)
FNDA:2,(anonymous_5)
FNDA:4,(anonymous_6)
FNDA:1,(anonymous_7)
DA:14,1
DA:23,4
DA:28,4
DA:33,4
DA:34,4
DA:35,4
DA:36,4
DA:40,4
DA:41,2
DA:42,1
DA:44,1
DA:46,2
DA:47,2
DA:51,4
DA:52,1
DA:53,1
DA:54,1
DA:55,1
LF:18
LH:18
BRDA:41,0,0,1
BRDA:41,0,1,1
BRF:2
BRH:2
end_of_record
TN:
SF:D:\taro\gulu\src\collapseTransition.vue
FN:10,(anonymous_0)
FN:16,(anonymous_1)
FN:23,(anonymous_2)
FN:35,(anonymous_3)
FN:40,(anonymous_4)
FN:45,(anonymous_5)
FN:55,(anonymous_6)
FN:61,(anonymous_7)
FN:66,(anonymous_8)
FNF:9
FNH:5
FNDA:21,(anonymous_0)
FNDA:6,(anonymous_1)
FNDA:6,(anonymous_2)
FNDA:0,(anonymous_3)
FNDA:0,(anonymous_4)
FNDA:3,(anonymous_5)
FNDA:3,(anonymous_6)
FNDA:0,(anonymous_7)
FNDA:0,(anonymous_8)
DA:11,21
DA:17,6
DA:18,6
DA:19,6
DA:20,6
DA:21,6
DA:24,6
DA:25,6
DA:26,0
DA:27,0
DA:28,0
DA:30,6
DA:31,6
DA:32,6
DA:34,6
DA:35,6
DA:36,0
DA:41,0
DA:42,0
DA:46,3
DA:47,3
DA:48,3
DA:49,3
DA:51,3
DA:52,3
DA:56,3
DA:57,0
DA:58,0
DA:59,0
DA:61,3
DA:62,0
DA:67,0
DA:68,0
DA:69,0
DA:70,0
LF:35
LH:21
BRDA:25,0,0,0
BRDA:25,0,1,6
BRDA:46,1,0,0
BRDA:46,1,1,3
BRDA:56,2,0,0
BRDA:56,2,1,3
BRF:6
BRH:3
end_of_record
TN:
SF:D:\taro\gulu\src\collapse\collapseItem.vue
FN:37,(anonymous_0)
FN:42,(anonymous_1)
FN:44,(anonymous_2)
FN:49,(anonymous_3)
FNF:4
FNH:4
FNDA:14,(anonymous_0)
FNDA:14,(anonymous_1)
FNDA:18,(anonymous_2)
FNDA:3,(anonymous_3)
DA:38,14
DA:43,14
DA:45,18
DA:50,3
DA:51,1
DA:54,2
LF:6
LH:6
BRDA:43,0,0,14
BRDA:43,0,1,10
BRDA:45,1,0,6
BRDA:45,1,1,12
BRDA:50,2,0,1
BRDA:50,2,1,2
BRDA:51,3,0,1
BRDA:51,3,1,1
BRDA:54,4,0,2
BRDA:54,4,1,2
BRF:10
BRH:10
end_of_record
TN:
SF:D:\taro\gulu\tests\unit\collapse.spec.js
FN:13,(anonymous_0)
FN:14,(anonymous_1)
FN:17,(anonymous_2)
FN:35,(anonymous_3)
FN:44,(anonymous_4)
FN:61,(anonymous_5)
FN:66,(anonymous_6)
FN:84,(anonymous_7)
FN:92,(anonymous_8)
FN:110,(anonymous_9)
FNF:10
FNH:10
FNDA:1,(anonymous_0)
FNDA:1,(anonymous_1)
FNDA:1,(anonymous_2)
FNDA:1,(anonymous_3)
FNDA:1,(anonymous_4)
FNDA:1,(anonymous_5)
FNDA:1,(anonymous_6)
FNDA:1,(anonymous_7)
FNDA:1,(anonymous_8)
FNDA:1,(anonymous_9)
DA:4,1
DA:11,1
DA:13,1
DA:14,1
DA:15,1
DA:17,1
DA:18,1
DA:19,1
DA:35,1
DA:36,1
DA:37,1
DA:38,1
DA:39,1
DA:40,1
DA:41,1
DA:44,1
DA:45,1
DA:46,1
DA:61,1
DA:62,1
DA:63,1
DA:66,1
DA:67,1
DA:68,1
DA:84,1
DA:85,1
DA:86,1
DA:87,1
DA:88,1
DA:89,1
DA:92,1
DA:93,1
DA:94,1
DA:110,1
DA:111,1
DA:112,1
DA:113,1
DA:114,1
LF:38
LH:38
BRF:0
BRH:0
end_of_record
TN:
SF:D:\taro\gulu\tests\unit\collapseItem.spec.js
FN:10,(anonymous_0)
FN:11,(anonymous_1)
FN:14,(anonymous_2)
FN:23,(anonymous_3)
FN:33,(anonymous_4)
FN:44,(anonymous_5)
FNF:6
FNH:6
FNDA:1,(anonymous_0)
FNDA:1,(anonymous_1)
FNDA:1,(anonymous_2)
FNDA:1,(anonymous_3)
FNDA:1,(anonymous_4)
FNDA:1,(anonymous_5)
DA:4,1
DA:10,1
DA:11,1
DA:12,1
DA:14,1
DA:15,1
DA:21,1
DA:23,1
DA:24,1
DA:31,1
DA:33,1
DA:34,1
DA:42,1
DA:44,1
DA:45,1
DA:51,1
LF:16
LH:16
BRF:0
BRH:0
end_of_record
TN:
SF:D:\taro\gulu\src\popover\popover.vue
FN:21,(anonymous_0)
FN:28,(anonymous_1)
FN:44,(anonymous_2)
FN:49,(anonymous_3)
FN:55,(anonymous_4)
FN:62,(anonymous_5)
FN:70,(anonymous_6)
FN:78,(anonymous_7)
FN:87,(anonymous_8)
FN:115,(anonymous_9)
FN:136,(anonymous_10)
FN:139,(anonymous_11)
FN:147,(anonymous_12)
FN:155,(anonymous_13)
FNF:14
FNH:5
FNDA:8,(anonymous_0)
FNDA:8,(anonymous_1)
FNDA:4,(anonymous_2)
FNDA:4,(anonymous_3)
FNDA:0,(anonymous_4)
FNDA:3,(anonymous_5)
FNDA:0,(anonymous_6)
FNDA:0,(anonymous_7)
FNDA:0,(anonymous_8)
FNDA:0,(anonymous_9)
FNDA:0,(anonymous_10)
FNDA:0,(anonymous_11)
FNDA:0,(anonymous_12)
FNDA:0,(anonymous_13)
DA:22,8
DA:29,8
DA:45,4
DA:50,4
DA:51,1
DA:53,3
DA:56,0
DA:57,0
DA:58,0
DA:63,3
DA:64,3
DA:66,0
DA:67,0
DA:71,0
DA:72,0
DA:74,0
DA:75,0
DA:79,0
DA:80,0
DA:81,0
DA:83,0
DA:84,0
DA:88,0
DA:89,0
DA:90,0
DA:91,0
DA:93,0
DA:111,0
DA:112,0
DA:113,0
DA:116,0
DA:121,0
DA:123,0
DA:124,0
DA:125,0
DA:127,0
DA:132,0
DA:134,0
DA:137,0
DA:138,0
DA:139,0
DA:140,0
DA:141,0
DA:148,0
DA:149,0
DA:150,0
DA:156,0
DA:157,0
DA:158,0
DA:159,0
DA:161,0
LF:51
LH:8
BRDA:50,0,0,1
BRDA:50,0,1,3
BRDA:57,1,0,0
BRDA:57,1,1,0
BRDA:63,2,0,3
BRDA:63,2,1,0
BRDA:71,3,0,0
BRDA:71,3,1,0
BRDA:80,4,0,0
BRDA:80,4,1,0
BRDA:83,5,0,0
BRDA:83,5,1,0
BRDA:89,6,0,0
BRDA:89,6,1,0
BRDA:116,7,0,0
BRDA:116,7,1,0
BRDA:117,8,0,0
BRDA:117,8,1,0
BRDA:117,8,2,0
BRDA:125,9,0,0
BRDA:125,9,1,0
BRDA:127,10,0,0
BRDA:127,10,1,0
BRDA:128,11,0,0
BRDA:128,11,1,0
BRDA:128,11,2,0
BRDA:157,12,0,0
BRDA:157,12,1,0
BRDA:158,13,0,0
BRDA:158,13,1,0
BRF:30
BRH:3
end_of_record
TN:
SF:D:\taro\gulu\src\input\input.vue
FN:53,(anonymous_0)
FN:62,(anonymous_1)
FN:69,(anonymous_2)
FN:78,(anonymous_3)
FN:83,(anonymous_4)
FN:86,(anonymous_5)
FN:90,(anonymous_6)
FN:94,(anonymous_7)
FN:98,(anonymous_8)
FN:102,(anonymous_9)
FN:106,(anonymous_10)
FNF:11
FNH:10
FNDA:36,(anonymous_0)
FNDA:19,(anonymous_1)
FNDA:20,(anonymous_2)
FNDA:20,(anonymous_3)
FNDA:0,(anonymous_4)
FNDA:1,(anonymous_5)
FNDA:1,(anonymous_6)
FNDA:1,(anonymous_7)
FNDA:1,(anonymous_8)
FNDA:1,(anonymous_9)
FNDA:1,(anonymous_10)
DA:54,36
DA:63,19
DA:70,20
DA:79,20
DA:84,0
DA:87,1
DA:88,1
DA:91,1
DA:92,1
DA:95,1
DA:96,1
DA:99,1
DA:100,1
DA:103,1
DA:104,1
DA:107,1
DA:108,1
DA:109,1
LF:18
LH:17
BRDA:71,0,0,20
BRDA:71,0,1,7
BRDA:71,0,2,6
BRDA:71,0,3,5
BRDA:71,0,4,3
BRDA:71,0,5,3
BRDA:79,1,0,13
BRDA:79,1,1,7
BRF:8
BRH:8
end_of_record
TN:
SF:D:\taro\gulu\src\datePicker\moment.js
FN:2,(anonymous_0)
FN:6,(anonymous_1)
FN:10,(anonymous_2)
FN:17,(anonymous_3)
FN:21,(anonymous_4)
FN:25,(anonymous_5)
FN:34,getYearMonthDate
FNF:7
FNH:4
FNDA:4,(anonymous_0)
FNDA:4,(anonymous_1)
FNDA:56,(anonymous_2)
FNDA:0,(anonymous_3)
FNDA:0,(anonymous_4)
FNDA:0,(anonymous_5)
FNDA:1184,getYearMonthDate
DA:3,4
DA:4,4
DA:7,4
DA:8,4
DA:11,56
DA:12,56
DA:13,384
DA:15,56
DA:18,0
DA:19,0
DA:22,0
DA:23,0
DA:26,0
DA:27,0
DA:29,0
DA:35,1184
DA:36,1184
DA:37,1184
DA:38,1184
LF:19
LH:12
BRDA:26,0,0,0
BRDA:26,0,1,0
BRDA:29,1,0,0
BRDA:29,1,1,0
BRF:4
BRH:0
end_of_record
TN:
SF:D:\taro\gulu\src\datePicker\datePicker.vue
FN:122,(anonymous_0)
FN:146,(anonymous_1)
FN:150,(anonymous_2)
FN:173,(anonymous_3)
FN:175,(anonymous_4)
FN:177,(anonymous_5)
FN:186,(anonymous_6)
FN:189,(anonymous_7)
FN:193,(anonymous_8)
FN:201,(anonymous_9)
FN:210,(anonymous_10)
FN:213,(anonymous_11)
FN:217,(anonymous_12)
FN:225,(anonymous_13)
FN:229,(anonymous_14)
FN:233,(anonymous_15)
FN:240,(anonymous_16)
FN:242,(anonymous_17)
FN:244,(anonymous_18)
FN:251,(anonymous_19)
FN:263,(anonymous_20)
FN:275,(anonymous_21)
FN:281,(anonymous_22)
FN:284,(anonymous_23)
FN:290,(anonymous_24)
FN:293,(anonymous_25)
FN:297,(anonymous_26)
FN:300,(anonymous_27)
FN:303,(anonymous_28)
FN:306,(anonymous_29)
FN:309,(anonymous_30)
FN:313,(anonymous_31)
FN:319,(anonymous_32)
FN:322,(anonymous_33)
FNF:34
FNH:10
FNDA:4,(anonymous_0)
FNDA:4,(anonymous_1)
FNDA:4,(anonymous_2)
FNDA:0,(anonymous_3)
FNDA:0,(anonymous_4)
FNDA:4,(anonymous_5)
FNDA:1344,(anonymous_6)
FNDA:672,(anonymous_7)
FNDA:336,(anonymous_8)
FNDA:336,(anonymous_9)
FNDA:0,(anonymous_10)
FNDA:0,(anonymous_11)
FNDA:336,(anonymous_12)
FNDA:0,(anonymous_13)
FNDA:0,(anonymous_14)
FNDA:0,(anonymous_15)
FNDA:0,(anonymous_16)
FNDA:0,(anonymous_17)
FNDA:0,(anonymous_18)
FNDA:0,(anonymous_19)
FNDA:0,(anonymous_20)
FNDA:0,(anonymous_21)
FNDA:0,(anonymous_22)
FNDA:0,(anonymous_23)
FNDA:0,(anonymous_24)
FNDA:0,(anonymous_25)
FNDA:0,(anonymous_26)
FNDA:0,(anonymous_27)
FNDA:0,(anonymous_28)
FNDA:0,(anonymous_29)
FNDA:0,(anonymous_30)
FNDA:0,(anonymous_31)
FNDA:0,(anonymous_32)
FNDA:504,(anonymous_33)
DA:123,4
DA:124,4
DA:147,4
DA:151,4
DA:152,4
DA:153,4
DA:154,4
DA:155,4
DA:156,4
DA:157,124
DA:159,4
DA:160,4
DA:161,4
DA:162,16
DA:164,4
DA:165,4
DA:166,4
DA:167,4
DA:168,4
DA:169,28
DA:171,4
DA:174,0
DA:175,0
DA:178,4
DA:179,4
DA:181,0
DA:182,0
DA:187,1344
DA:190,672
DA:191,672
DA:194,336
DA:195,336
DA:197,0
DA:198,0
DA:199,0
DA:202,336
DA:203,336
DA:206,0
DA:207,0
DA:208,0
DA:211,0
DA:214,0
DA:215,0
DA:218,336
DA:219,88
DA:221,248
DA:222,248
DA:223,248
DA:226,0
DA:227,0
DA:230,0
DA:231,0
DA:234,0
DA:235,0
DA:237,0
DA:238,0
DA:241,0
DA:242,0
DA:245,0
DA:246,0
DA:247,0
DA:249,0
DA:252,0
DA:253,0
DA:254,0
DA:257,0
DA:258,0
DA:259,0
DA:261,0
DA:264,0
DA:265,0
DA:266,0
DA:267,0
DA:268,0
DA:269,0
DA:270,0
DA:271,0
DA:272,0
DA:276,0
DA:277,0
DA:278,0
DA:279,0
DA:282,0
DA:285,0
DA:286,0
DA:287,0
DA:288,0
DA:291,0
DA:294,0
DA:295,0
DA:298,0
DA:301,0
DA:304,0
DA:307,0
DA:310,0
DA:311,0
DA:314,0
DA:315,0
DA:316,0
DA:317,0
DA:320,0
DA:323,504
LF:102
LH:36
BRDA:123,0,0,4
BRDA:123,0,1,4
BRDA:178,1,0,4
BRDA:178,1,1,0
BRDA:191,2,0,672
BRDA:191,2,1,672
BRDA:194,3,0,336
BRDA:194,3,1,0
BRDA:199,4,0,0
BRDA:199,4,1,0
BRDA:199,4,2,0
BRDA:202,5,0,336
BRDA:202,5,1,0
BRDA:208,6,0,0
BRDA:208,6,1,0
BRDA:218,7,0,88
BRDA:218,7,1,248
BRDA:223,8,0,248
BRDA:223,8,1,248
BRDA:223,8,2,248
BRDA:227,9,0,0
BRDA:227,9,1,0
BRDA:234,10,0,0
BRDA:234,10,1,0
BRDA:245,11,0,0
BRDA:245,11,1,0
BRDA:245,12,0,0
BRDA:245,12,1,0
BRDA:257,13,0,0
BRDA:257,13,1,0
BRDA:265,14,0,0
BRDA:265,14,1,0
BRF:32
BRH:12
end_of_record
TN:
SF:D:\taro\gulu\tests\unit\datePicker.spec.js
FN:10,(anonymous_0)
FN:11,(anonymous_1)
FN:14,(anonymous_2)
FN:23,(anonymous_3)
FN:34,(anonymous_4)
FN:40,(anonymous_5)
FN:49,(anonymous_6)
FN:58,(anonymous_7)
FNF:8
FNH:6
FNDA:1,(anonymous_0)
FNDA:1,(anonymous_1)
FNDA:1,(anonymous_2)
FNDA:0,(anonymous_3)
FNDA:0,(anonymous_4)
FNDA:1,(anonymous_5)
FNDA:1,(anonymous_6)
FNDA:1,(anonymous_7)
DA:4,1
DA:10,1
DA:11,1
DA:12,1
DA:14,1
DA:15,1
DA:20,1
DA:21,1
DA:23,1
DA:24,0
DA:29,0
DA:33,0
DA:34,0
DA:35,0
DA:36,0
DA:37,0
DA:40,1
DA:41,1
DA:46,1
DA:47,1
DA:49,1
DA:50,1
DA:55,1
DA:56,1
DA:58,1
DA:59,1
DA:64,1
DA:65,1
LF:28
LH:21
BRF:0
BRH:0
end_of_record
TN:
SF:D:\taro\gulu\tests\unit\input.spec.js
FN:10,(anonymous_0)
FN:11,(anonymous_1)
FN:14,(anonymous_2)
FN:24,(anonymous_3)
FN:33,(anonymous_4)
FN:42,(anonymous_5)
FN:67,(anonymous_6)
FN:79,(anonymous_7)
FN:90,(anonymous_8)
FN:96,(anonymous_9)
FN:105,(anonymous_10)
FN:114,(anonymous_11)
FN:126,(anonymous_12)
FN:143,(anonymous_13)
FN:144,(anonymous_14)
FN:145,(anonymous_15)
FNF:16
FNH:14
FNDA:1,(anonymous_0)
FNDA:1,(anonymous_1)
FNDA:1,(anonymous_2)
FNDA:1,(anonymous_3)
FNDA:1,(anonymous_4)
FNDA:1,(anonymous_5)
FNDA:1,(anonymous_6)
FNDA:1,(anonymous_7)
FNDA:1,(anonymous_8)
FNDA:1,(anonymous_9)
FNDA:1,(anonymous_10)
FNDA:1,(anonymous_11)
FNDA:0,(anonymous_12)
FNDA:1,(anonymous_13)
FNDA:4,(anonymous_14)
FNDA:0,(anonymous_15)
DA:4,1
DA:10,1
DA:11,1
DA:12,1
DA:14,1
DA:15,1
DA:21,1
DA:22,1
DA:24,1
DA:25,1
DA:30,1
DA:31,1
DA:33,1
DA:34,1
DA:39,1
DA:40,1
DA:42,1
DA:43,1
DA:44,1
DA:45,1
DA:46,1
DA:47,1
DA:48,1
DA:61,1
DA:62,1
DA:63,1
DA:64,1
DA:65,1
DA:66,1
DA:67,1
DA:68,1
DA:69,1
DA:70,1
DA:71,1
DA:72,1
DA:73,1
DA:74,1
DA:75,1
DA:76,1
DA:79,1
DA:80,1
DA:81,1
DA:89,1
DA:90,1
DA:91,1
DA:92,1
DA:93,1
DA:96,1
DA:97,1
DA:102,1
DA:103,1
DA:105,1
DA:106,1
DA:111,1
DA:112,1
DA:114,1
DA:115,1
DA:121,1
DA:122,1
DA:123,1
DA:124,1
DA:126,1
DA:134,0
DA:135,0
DA:136,0
DA:137,0
DA:138,0
DA:140,0
DA:141,0
DA:143,1
DA:144,1
DA:145,4
DA:146,0
DA:147,0
DA:148,0
DA:149,0
DA:150,0
DA:154,0
DA:155,0
DA:156,0
DA:157,0
LF:81
LH:65
BRF:0
BRH:0
end_of_record
TN:
SF:D:\taro\gulu\src\message\message.vue
FN:35,(anonymous_0)
FN:44,(anonymous_1)
FN:56,(anonymous_2)
FN:62,(anonymous_3)
FN:67,(anonymous_4)
FN:70,(anonymous_5)
FN:74,(anonymous_6)
FNF:7
FNH:7
FNDA:2,(anonymous_0)
FNDA:2,(anonymous_1)
FNDA:4,(anonymous_2)
FNDA:2,(anonymous_3)
FNDA:2,(anonymous_4)
FNDA:1,(anonymous_5)
FNDA:1,(anonymous_6)
DA:36,2
DA:45,2
DA:57,4
DA:63,2
DA:64,2
DA:68,2
DA:71,1
DA:72,1
DA:75,1
DA:76,1
LF:10
LH:10
BRDA:63,0,0,2
BRDA:63,0,1,0
BRDA:63,1,0,2
BRDA:63,1,1,2
BRF:4
BRH:3
end_of_record
TN:
SF:D:\taro\gulu\tests\unit\message.spec.js
FN:9,(anonymous_0)
FN:10,(anonymous_1)
FN:13,(anonymous_2)
FN:21,(anonymous_3)
FN:26,(anonymous_4)
FN:41,(anonymous_5)
FN:52,(anonymous_6)
FN:67,(anonymous_7)
FNF:8
FNH:8
FNDA:1,(anonymous_0)
FNDA:1,(anonymous_1)
FNDA:1,(anonymous_2)
FNDA:1,(anonymous_3)
FNDA:1,(anonymous_4)
FNDA:1,(anonymous_5)
FNDA:1,(anonymous_6)
FNDA:1,(anonymous_7)
DA:4,1
DA:9,1
DA:10,1
DA:11,1
DA:13,1
DA:14,1
DA:19,1
DA:21,1
DA:22,1
DA:23,1
DA:26,1
DA:27,1
DA:28,1
DA:40,1
DA:41,1
DA:42,1
DA:43,1
DA:44,1
DA:45,1
DA:46,1
DA:47,1
DA:48,1
DA:49,1
DA:52,1
DA:53,1
DA:54,1
DA:66,1
DA:67,1
DA:68,1
DA:69,1
DA:70,1
DA:71,1
DA:72,1
DA:73,1
DA:74,1
DA:75,1
LF:36
LH:36
BRF:0
BRH:0
end_of_record
TN:
SF:D:\taro\gulu\src\nav\nav.vue
FN:20,(anonymous_0)
FN:23,(anonymous_1)
FN:29,(anonymous_2)
FN:33,(anonymous_3)
FN:38,(anonymous_4)
FN:41,(anonymous_5)
FN:42,(anonymous_6)
FN:50,(anonymous_7)
FN:51,(anonymous_8)
FN:52,(anonymous_9)
FNF:10
FNH:9
FNDA:3,(anonymous_0)
FNDA:3,(anonymous_1)
FNDA:3,(anonymous_2)
FNDA:0,(anonymous_3)
FNDA:6,(anonymous_4)
FNDA:3,(anonymous_5)
FNDA:6,(anonymous_6)
FNDA:3,(anonymous_7)
FNDA:6,(anonymous_8)
FNDA:1,(anonymous_9)
DA:21,3
DA:24,3
DA:30,3
DA:31,3
DA:34,0
DA:39,6
DA:42,3
DA:43,6
DA:44,3
DA:46,3
DA:51,3
DA:52,6
DA:53,1
LF:13
LH:12
BRDA:43,0,0,3
BRDA:43,0,1,3
BRF:2
BRH:2
end_of_record
TN:
SF:D:\taro\gulu\src\nav\navItem.vue
FN:17,(anonymous_0)
FN:22,(anonymous_1)
FN:26,(anonymous_2)
FNF:3
FNH:3
FNDA:6,(anonymous_0)
FNDA:6,(anonymous_1)
FNDA:1,(anonymous_2)
DA:18,6
DA:23,6
DA:27,1
DA:28,1
DA:29,1
LF:5
LH:5
BRDA:28,0,0,1
BRDA:28,0,1,0
BRF:2
BRH:1
end_of_record
TN:
SF:D:\taro\gulu\src\clickOutside.js
FN:1,(anonymous_0)
FN:3,(anonymous_1)
FN:14,(anonymous_2)
FN:19,(anonymous_3)
FNF:4
FNH:3
FNDA:24,(anonymous_0)
FNDA:17,(anonymous_1)
FNDA:7,(anonymous_2)
FNDA:0,(anonymous_3)
DA:1,4
DA:2,24
DA:3,24
DA:4,17
DA:5,2
DA:7,15
DA:11,4
DA:12,4
DA:15,7
DA:19,4
DA:20,0
LF:11
LH:10
BRDA:4,0,0,2
BRDA:4,0,1,15
BRDA:4,1,0,17
BRDA:4,1,1,17
BRF:4
BRH:4
end_of_record
TN:
SF:D:\taro\gulu\src\nav\subNav.vue
FN:40,(anonymous_0)
FN:46,(anonymous_1)
FN:51,(anonymous_2)
FN:57,(anonymous_3)
FN:61,(anonymous_4)
FN:64,(anonymous_5)
FN:69,(anonymous_6)
FN:73,(anonymous_7)
FN:76,(anonymous_8)
FN:79,(anonymous_9)
FN:82,(anonymous_10)
FNF:11
FNH:0
FNDA:0,(anonymous_0)
FNDA:0,(anonymous_1)
FNDA:0,(anonymous_2)
FNDA:0,(anonymous_3)
FNDA:0,(anonymous_4)
FNDA:0,(anonymous_5)
FNDA:0,(anonymous_6)
FNDA:0,(anonymous_7)
FNDA:0,(anonymous_8)
FNDA:0,(anonymous_9)
FNDA:0,(anonymous_10)
DA:41,0
DA:47,0
DA:52,0
DA:53,0
DA:54,0
DA:55,0
DA:56,0
DA:57,0
DA:58,0
DA:62,0
DA:65,0
DA:66,0
DA:67,0
DA:68,0
DA:69,0
DA:70,0
DA:74,0
DA:77,0
DA:80,0
DA:83,0
DA:84,0
DA:85,0
LF:22
LH:0
BRDA:47,0,0,0
BRDA:47,0,1,0
BRDA:84,1,0,0
BRDA:84,1,1,0
BRF:4
BRH:0
end_of_record
TN:
SF:D:\taro\gulu\tests\unit\nav.spec.js
FN:16,(anonymous_0)
FN:17,(anonymous_1)
FN:20,(anonymous_2)
FN:21,(anonymous_3)
FN:37,(anonymous_4)
FN:42,(anonymous_5)
FN:59,(anonymous_6)
FN:65,(anonymous_7)
FN:66,(anonymous_8)
FN:86,(anonymous_9)
FNF:10
FNH:10
FNDA:1,(anonymous_0)
FNDA:1,(anonymous_1)
FNDA:1,(anonymous_2)
FNDA:1,(anonymous_3)
FNDA:1,(anonymous_4)
FNDA:1,(anonymous_5)
FNDA:1,(anonymous_6)
FNDA:1,(anonymous_7)
FNDA:1,(anonymous_8)
FNDA:1,(anonymous_9)
DA:4,1
DA:12,1
DA:13,1
DA:14,1
DA:16,1
DA:17,1
DA:18,1
DA:20,1
DA:21,1
DA:22,1
DA:37,1
DA:38,1
DA:39,1
DA:42,1
DA:43,1
DA:59,1
DA:60,1
DA:61,1
DA:65,1
DA:66,1
DA:67,1
DA:68,1
DA:86,1
DA:87,1
DA:88,1
DA:89,1
LF:26
LH:26
BRF:0
BRH:0
end_of_record
TN:
SF:D:\taro\gulu\tests\unit\navItem.spec.js
FN:13,(anonymous_0)
FN:14,(anonymous_1)
FN:17,(anonymous_2)
FN:18,(anonymous_3)
FN:29,(anonymous_4)
FNF:5
FNH:4
FNDA:1,(anonymous_0)
FNDA:1,(anonymous_1)
FNDA:1,(anonymous_2)
FNDA:1,(anonymous_3)
FNDA:0,(anonymous_4)
DA:3,1
DA:10,1
DA:11,1
DA:13,1
DA:14,1
DA:15,1
DA:17,1
DA:18,1
DA:19,1
DA:27,1
DA:30,0
DA:34,1
LF:12
LH:11
BRF:0
BRH:0
end_of_record
TN:
SF:D:\taro\gulu\src\pager\pager.vue
FN:27,unique
FN:29,(anonymous_1)
FN:32,(anonymous_2)
FN:52,(anonymous_3)
FN:63,(anonymous_4)
FN:64,(anonymous_5)
FN:65,(anonymous_6)
FN:75,(anonymous_7)
FNF:8
FNH:8
FNDA:7,unique
FNDA:35,(anonymous_1)
FNDA:26,(anonymous_2)
FNDA:7,(anonymous_3)
FNDA:49,(anonymous_4)
FNDA:54,(anonymous_5)
FNDA:26,(anonymous_6)
FNDA:1,(anonymous_7)
DA:28,7
DA:29,7
DA:30,35
DA:32,26
DA:53,7
DA:63,49
DA:64,54
DA:66,26
DA:67,26
DA:70,26
DA:76,1
DA:77,1
LF:12
LH:12
BRDA:63,0,0,49
BRDA:63,0,1,41
BRDA:67,1,0,26
BRDA:67,1,1,19
BRDA:67,1,2,4
BRDA:76,2,0,1
BRDA:76,2,1,0
BRDA:76,3,0,1
BRDA:76,3,1,1
BRF:9
BRH:8
end_of_record
TN:
SF:D:\taro\gulu\tests\unit\pager.spec.js
FN:10,(anonymous_0)
FN:11,(anonymous_1)
FN:14,(anonymous_2)
FN:23,(anonymous_3)
FN:32,(anonymous_4)
FN:41,(anonymous_5)
FN:52,(anonymous_6)
FN:63,(anonymous_7)
FN:72,(anonymous_8)
FNF:9
FNH:9
FNDA:1,(anonymous_0)
FNDA:1,(anonymous_1)
FNDA:1,(anonymous_2)
FNDA:1,(anonymous_3)
FNDA:1,(anonymous_4)
FNDA:1,(anonymous_5)
FNDA:1,(anonymous_6)
FNDA:1,(anonymous_7)
FNDA:1,(anonymous_8)
DA:4,1
DA:10,1
DA:11,1
DA:12,1
DA:14,1
DA:15,1
DA:21,1
DA:23,1
DA:24,1
DA:30,1
DA:32,1
DA:33,1
DA:39,1
DA:41,1
DA:42,1
DA:49,1
DA:50,1
DA:52,1
DA:53,1
DA:60,1
DA:61,1
DA:63,1
DA:64,1
DA:70,1
DA:71,1
DA:72,1
DA:73,1
DA:74,1
DA:75,1
DA:76,1
LF:30
LH:30
BRF:0
BRH:0
end_of_record
TN:
SF:D:\taro\gulu\src\radio\index.vue
FN:34,(anonymous_0)
FN:41,(anonymous_1)
FN:44,(anonymous_2)
FN:52,(anonymous_3)
FNF:4
FNH:4
FNDA:4,(anonymous_0)
FNDA:4,(anonymous_1)
FNDA:4,(anonymous_2)
FNDA:2,(anonymous_3)
DA:35,4
DA:39,4
DA:42,4
DA:45,4
DA:53,2
DA:54,1
DA:56,1
LF:7
LH:7
BRDA:53,0,0,1
BRDA:53,0,1,1
BRF:2
BRH:2
end_of_record
TN:
SF:D:\taro\gulu\tests\unit\radio.spec.js
FN:10,(anonymous_0)
FN:11,(anonymous_1)
FN:14,(anonymous_2)
FN:25,(anonymous_3)
FN:34,(anonymous_4)
FN:42,(anonymous_5)
FNF:6
FNH:6
FNDA:1,(anonymous_0)
FNDA:1,(anonymous_1)
FNDA:1,(anonymous_2)
FNDA:1,(anonymous_3)
FNDA:1,(anonymous_4)
FNDA:1,(anonymous_5)
DA:5,1
DA:10,1
DA:11,1
DA:12,1
DA:14,1
DA:15,1
DA:16,1
DA:22,1
DA:23,1
DA:25,1
DA:26,1
DA:32,1
DA:34,1
DA:35,1
DA:40,1
DA:42,1
DA:43,1
DA:44,1
DA:54,1
DA:55,1
LF:20
LH:20
BRF:0
BRH:0
end_of_record
TN:
SF:D:\taro\gulu\src\grid\gRow.vue
FN:17,(anonymous_0)
FN:23,(anonymous_1)
FN:30,(anonymous_2)
FN:35,(anonymous_3)
FN:36,(anonymous_4)
FNF:5
FNH:5
FNDA:3,(anonymous_0)
FNDA:4,(anonymous_1)
FNDA:3,(anonymous_2)
FNDA:3,(anonymous_3)
FNDA:4,(anonymous_4)
DA:18,3
DA:24,4
DA:25,4
DA:31,3
DA:32,3
DA:36,3
DA:37,4
LF:7
LH:7
BRDA:32,0,0,3
BRDA:32,0,1,3
BRF:2
BRH:2
end_of_record
TN:
SF:D:\taro\gulu\tests\unit\row.spec.js
FN:8,(anonymous_0)
FN:9,(anonymous_1)
FN:12,(anonymous_2)
FN:13,(anonymous_3)
FN:33,(anonymous_4)
FNF:5
FNH:5
FNDA:1,(anonymous_0)
FNDA:1,(anonymous_1)
FNDA:1,(anonymous_2)
FNDA:1,(anonymous_3)
FNDA:1,(anonymous_4)
DA:8,1
DA:9,1
DA:10,1
DA:12,1
DA:13,1
DA:14,1
DA:15,1
DA:16,1
DA:28,1
DA:29,1
DA:30,1
DA:31,1
DA:33,1
DA:34,1
DA:40,1
LF:15
LH:15
BRF:0
BRH:0
end_of_record
TN:
SF:D:\taro\gulu\src\select\index.vue
FN:48,(anonymous_0)
FN:55,(anonymous_1)
FN:59,(anonymous_2)
FN:64,(anonymous_3)
FN:68,(anonymous_4)
FN:72,(anonymous_5)
FN:76,(anonymous_6)
FN:79,(anonymous_7)
FN:80,(anonymous_8)
FN:84,(anonymous_9)
FN:85,(anonymous_10)
FN:86,(anonymous_11)
FN:91,(anonymous_12)
FN:95,(anonymous_13)
FN:98,(anonymous_14)
FN:102,(anonymous_15)
FNF:16
FNH:16
FNDA:7,(anonymous_0)
FNDA:7,(anonymous_1)
FNDA:7,(anonymous_2)
FNDA:10,(anonymous_3)
FNDA:7,(anonymous_4)
FNDA:13,(anonymous_5)
FNDA:18,(anonymous_6)
FNDA:20,(anonymous_7)
FNDA:57,(anonymous_8)
FNDA:7,(anonymous_9)
FNDA:18,(anonymous_10)
FNDA:1,(anonymous_11)
FNDA:2,(anonymous_12)
FNDA:1,(anonymous_13)
FNDA:3,(anonymous_14)
FNDA:17,(anonymous_15)
DA:49,7
DA:56,7
DA:60,7
DA:65,10
DA:69,7
DA:70,7
DA:73,13
DA:77,18
DA:80,20
DA:81,57
DA:85,7
DA:86,18
DA:87,1
DA:92,2
DA:93,2
DA:96,1
DA:99,3
DA:100,2
DA:103,17
LF:19
LH:19
BRDA:65,0,0,10
BRDA:65,0,1,5
BRDA:65,0,2,5
BRDA:65,0,3,2
BRDA:81,1,0,7
BRDA:81,1,1,50
BRDA:99,2,0,1
BRDA:99,2,1,2
BRF:8
BRH:8
end_of_record
TN:
SF:D:\taro\gulu\src\select\option.vue
FN:20,(anonymous_0)
FN:25,(anonymous_1)
FN:29,(anonymous_2)
FNF:3
FNH:3
FNDA:18,(anonymous_0)
FNDA:18,(anonymous_1)
FNDA:2,(anonymous_2)
DA:21,18
DA:26,18
DA:30,2
DA:31,1
DA:33,1
LF:5
LH:5
BRDA:30,0,0,1
BRDA:30,0,1,1
BRF:2
BRH:2
end_of_record
TN:
SF:D:\taro\gulu\tests\unit\select.spec.js
FN:16,(anonymous_0)
FN:17,(anonymous_1)
FN:20,(anonymous_2)
FN:36,(anonymous_3)
FN:55,(anonymous_4)
FN:64,(anonymous_5)
FN:83,(anonymous_6)
FN:109,(anonymous_7)
FNF:8
FNH:8
FNDA:1,(anonymous_0)
FNDA:1,(anonymous_1)
FNDA:1,(anonymous_2)
FNDA:1,(anonymous_3)
FNDA:1,(anonymous_4)
FNDA:1,(anonymous_5)
FNDA:1,(anonymous_6)
FNDA:1,(anonymous_7)
DA:5,1
DA:13,1
DA:14,1
DA:16,1
DA:17,1
DA:18,1
DA:20,1
DA:21,1
DA:33,1
DA:34,1
DA:36,1
DA:37,1
DA:50,1
DA:51,1
DA:52,1
DA:53,1
DA:55,1
DA:56,1
DA:62,1
DA:64,1
DA:65,1
DA:78,1
DA:79,1
DA:80,1
DA:83,1
DA:84,1
DA:85,1
DA:101,1
DA:102,1
DA:103,1
DA:104,1
DA:105,1
DA:106,1
DA:109,1
DA:110,1
DA:111,1
DA:128,1
DA:129,1
DA:130,1
DA:131,1
DA:132,1
DA:133,1
DA:134,1
LF:43
LH:43
BRF:0
BRH:0
end_of_record
TN:
SF:D:\taro\gulu\tests\unit\selectOption.spec.js
FN:16,(anonymous_0)
FN:17,(anonymous_1)
FN:20,(anonymous_2)
FN:33,(anonymous_3)
FN:39,(anonymous_4)
FNF:5
FNH:4
FNDA:1,(anonymous_0)
FNDA:1,(anonymous_1)
FNDA:1,(anonymous_2)
FNDA:0,(anonymous_3)
FNDA:1,(anonymous_4)
DA:5,1
DA:13,1
DA:14,1
DA:16,1
DA:17,1
DA:18,1
DA:20,1
DA:21,1
DA:31,1
DA:34,0
DA:38,1
DA:39,1
DA:40,1
DA:41,1
DA:43,1
DA:44,1
DA:45,1
DA:46,1
DA:47,1
LF:19
LH:18
BRF:0
BRH:0
end_of_record
TN:
SF:D:\taro\gulu\src\slides\slides.vue
FN:36,(anonymous_0)
FN:45,(anonymous_1)
FN:49,(anonymous_2)
FN:50,(anonymous_3)
FN:53,(anonymous_4)
FN:58,(anonymous_5)
FN:61,(anonymous_6)
FN:65,(anonymous_7)
FN:67,(anonymous_8)
FN:70,(anonymous_9)
FN:74,(anonymous_10)
FN:82,(anonymous_11)
FN:85,(anonymous_12)
FN:88,(anonymous_13)
FN:91,(anonymous_14)
FN:94,(anonymous_15)
FN:98,(anonymous_16)
FN:108,(anonymous_17)
FN:112,(anonymous_18)
FN:115,(anonymous_19)
FN:133,(anonymous_20)
FNF:21
FNH:21
FNDA:8,(anonymous_0)
FNDA:7,(anonymous_1)
FNDA:7,(anonymous_2)
FNDA:21,(anonymous_3)
FNDA:8,(anonymous_4)
FNDA:46,(anonymous_5)
FNDA:1,(anonymous_6)
FNDA:29,(anonymous_7)
FNDA:79,(anonymous_8)
FNDA:5,(anonymous_9)
FNDA:19,(anonymous_10)
FNDA:1,(anonymous_11)
FNDA:1,(anonymous_12)
FNDA:1,(anonymous_13)
FNDA:1,(anonymous_14)
FNDA:2,(anonymous_15)
FNDA:22,(anonymous_16)
FNDA:73,(anonymous_17)
FNDA:54,(anonymous_18)
FNDA:159,(anonymous_19)
FNDA:159,(anonymous_20)
DA:37,8
DA:46,7
DA:47,7
DA:50,21
DA:54,8
DA:55,8
DA:56,8
DA:59,46
DA:62,1
DA:66,29
DA:67,79
DA:71,5
DA:72,0
DA:74,5
DA:75,19
DA:76,19
DA:77,19
DA:78,19
DA:80,5
DA:83,1
DA:86,1
DA:89,1
DA:92,1
DA:95,2
DA:96,2
DA:99,22
DA:100,22
DA:101,0
DA:103,22
DA:104,0
DA:106,22
DA:109,73
DA:110,73
DA:113,54
DA:114,54
DA:115,54
DA:117,159
DA:118,159
DA:119,93
DA:123,0
DA:125,93
DA:129,0
DA:132,159
DA:133,159
DA:134,159
LF:45
LH:40
BRDA:47,0,0,0
BRDA:47,0,1,7
BRDA:56,1,0,8
BRDA:56,1,1,4
BRDA:71,2,0,0
BRDA:71,2,1,5
BRDA:92,3,0,1
BRDA:92,3,1,1
BRDA:100,4,0,0
BRDA:100,4,1,22
BRDA:103,5,0,0
BRDA:103,5,1,22
BRDA:110,6,0,73
BRDA:110,6,1,1
BRDA:117,7,0,0
BRDA:117,7,1,159
BRDA:118,8,0,93
BRDA:118,8,1,66
BRDA:119,9,0,0
BRDA:119,9,1,93
BRDA:120,10,0,93
BRDA:120,10,1,0
BRDA:125,11,0,0
BRDA:125,11,1,93
BRDA:126,12,0,93
BRDA:126,12,1,63
BRF:26
BRH:18
end_of_record
TN:
SF:D:\taro\gulu\src\slides\slidesItem.vue
FN:18,(anonymous_0)
FN:25,(anonymous_1)
FN:29,(anonymous_2)
FN:32,(anonymous_3)
FNF:4
FNH:3
FNDA:21,(anonymous_0)
FNDA:42,(anonymous_1)
FNDA:21,(anonymous_2)
FNDA:0,(anonymous_3)
DA:19,21
DA:26,42
DA:30,21
DA:33,0
LF:4
LH:3
BRDA:30,0,0,21
BRDA:30,0,1,21
BRDA:33,1,0,0
BRDA:33,1,1,0
BRF:4
BRH:2
end_of_record
TN:
SF:D:\taro\gulu\tests\unit\slides.spec.js
FN:12,(anonymous_0)
FN:13,(anonymous_1)
FN:16,(anonymous_2)
FN:35,(anonymous_3)
FN:40,(anonymous_4)
FN:60,(anonymous_5)
FN:65,(anonymous_6)
FN:85,(anonymous_7)
FN:91,(anonymous_8)
FN:95,(anonymous_9)
FN:120,(anonymous_10)
FN:125,(anonymous_11)
FN:149,(anonymous_12)
FN:155,(anonymous_13)
FN:179,(anonymous_14)
FN:186,(anonymous_15)
FN:211,(anonymous_16)
FN:215,(anonymous_17)
FN:221,(anonymous_18)
FN:224,(anonymous_19)
FNF:20
FNH:20
FNDA:1,(anonymous_0)
FNDA:1,(anonymous_1)
FNDA:1,(anonymous_2)
FNDA:1,(anonymous_3)
FNDA:1,(anonymous_4)
FNDA:1,(anonymous_5)
FNDA:1,(anonymous_6)
FNDA:1,(anonymous_7)
FNDA:1,(anonymous_8)
FNDA:1,(anonymous_9)
FNDA:1,(anonymous_10)
FNDA:1,(anonymous_11)
FNDA:1,(anonymous_12)
FNDA:1,(anonymous_13)
FNDA:1,(anonymous_14)
FNDA:1,(anonymous_15)
FNDA:1,(anonymous_16)
FNDA:1,(anonymous_17)
FNDA:1,(anonymous_18)
FNDA:1,(anonymous_19)
DA:4,1
DA:11,1
DA:12,1
DA:13,1
DA:14,1
DA:16,1
DA:17,1
DA:35,1
DA:36,1
DA:37,1
DA:40,1
DA:41,1
DA:60,1
DA:61,1
DA:62,1
DA:65,1
DA:66,1
DA:86,1
DA:87,1
DA:91,1
DA:92,1
DA:95,1
DA:96,1
DA:97,1
DA:120,1
DA:121,1
DA:122,1
DA:125,1
DA:126,1
DA:127,1
DA:149,1
DA:150,1
DA:151,1
DA:152,1
DA:155,1
DA:156,1
DA:157,1
DA:179,1
DA:180,1
DA:181,1
DA:182,1
DA:186,1
DA:187,1
DA:188,1
DA:211,1
DA:212,1
DA:213,1
DA:214,1
DA:215,1
DA:216,1
DA:217,1
DA:221,1
DA:222,1
DA:223,1
DA:225,1
DA:228,1
DA:229,1
LF:57
LH:57
BRF:0
BRH:0
end_of_record
TN:
SF:D:\taro\gulu\tests\unit\subNav.spec.js
FN:16,(anonymous_0)
FN:17,(anonymous_1)
FN:20,(anonymous_2)
FN:21,(anonymous_3)
FN:35,(anonymous_4)
FNF:5
FNH:4
FNDA:1,(anonymous_0)
FNDA:1,(anonymous_1)
FNDA:1,(anonymous_2)
FNDA:1,(anonymous_3)
FNDA:0,(anonymous_4)
DA:4,1
DA:12,1
DA:13,1
DA:14,1
DA:16,1
DA:17,1
DA:18,1
DA:20,1
DA:21,1
DA:22,1
DA:33,1
DA:36,0
DA:40,1
LF:13
LH:12
BRF:0
BRH:0
end_of_record
TN:
SF:D:\taro\gulu\src\table\table.vue
FN:71,(anonymous_0)
FN:77,(anonymous_1)
FN:78,(anonymous_2)
FN:79,(anonymous_3)
FN:90,(anonymous_4)
FN:102,(anonymous_5)
FN:121,(anonymous_6)
FN:129,(anonymous_7)
FN:130,(anonymous_8)
FN:131,(anonymous_9)
FN:144,(anonymous_10)
FN:155,(anonymous_11)
FN:160,(anonymous_12)
FN:164,(anonymous_13)
FN:175,(anonymous_14)
FN:176,(anonymous_15)
FN:182,(anonymous_16)
FN:199,(anonymous_17)
FN:204,(anonymous_18)
FN:209,(anonymous_19)
FN:217,(anonymous_20)
FN:224,(anonymous_21)
FN:227,(anonymous_22)
FN:228,(anonymous_23)
FN:232,(anonymous_24)
FN:238,(anonymous_25)
FN:242,(anonymous_26)
FN:251,(anonymous_27)
FNF:28
FNH:0
FNDA:0,(anonymous_0)
FNDA:0,(anonymous_1)
FNDA:0,(anonymous_2)
FNDA:0,(anonymous_3)
FNDA:0,(anonymous_4)
FNDA:0,(anonymous_5)
FNDA:0,(anonymous_6)
FNDA:0,(anonymous_7)
FNDA:0,(anonymous_8)
FNDA:0,(anonymous_9)
FNDA:0,(anonymous_10)
FNDA:0,(anonymous_11)
FNDA:0,(anonymous_12)
FNDA:0,(anonymous_13)
FNDA:0,(anonymous_14)
FNDA:0,(anonymous_15)
FNDA:0,(anonymous_16)
FNDA:0,(anonymous_17)
FNDA:0,(anonymous_18)
FNDA:0,(anonymous_19)
FNDA:0,(anonymous_20)
FNDA:0,(anonymous_21)
FNDA:0,(anonymous_22)
FNDA:0,(anonymous_23)
FNDA:0,(anonymous_24)
FNDA:0,(anonymous_25)
FNDA:0,(anonymous_26)
FNDA:0,(anonymous_27)
DA:71,0
DA:77,0
DA:79,0
DA:90,0
DA:102,0
DA:122,0
DA:130,0
DA:131,0
DA:132,0
DA:133,0
DA:135,0
DA:136,0
DA:137,0
DA:138,0
DA:139,0
DA:142,0
DA:145,0
DA:146,0
DA:147,0
DA:149,0
DA:150,0
DA:152,0
DA:156,0
DA:157,0
DA:158,0
DA:161,0
DA:165,0
DA:166,0
DA:167,0
DA:168,0
DA:170,0
DA:176,0
DA:177,0
DA:178,0
DA:179,0
DA:183,0
DA:184,0
DA:185,0
DA:186,0
DA:187,0
DA:188,0
DA:189,0
DA:190,0
DA:191,0
DA:193,0
DA:198,0
DA:199,0
DA:200,0
DA:205,0
DA:206,0
DA:207,0
DA:208,0
DA:209,0
DA:210,0
DA:211,0
DA:212,0
DA:213,0
DA:214,0
DA:218,0
DA:219,0
DA:221,0
DA:225,0
DA:228,0
DA:233,0
DA:234,0
DA:235,0
DA:236,0
DA:238,0
DA:240,0
DA:243,0
DA:244,0
DA:245,0
DA:246,0
DA:248,0
DA:252,0
DA:253,0
DA:254,0
DA:255,0
DA:256,0
DA:257,0
DA:259,0
DA:261,0
LF:82
LH:0
BRDA:132,0,0,0
BRDA:132,0,1,0
BRDA:137,1,0,0
BRDA:137,1,1,0
BRDA:146,2,0,0
BRDA:146,2,1,0
BRDA:149,3,0,0
BRDA:149,3,1,0
BRDA:165,4,0,0
BRDA:165,4,1,0
BRDA:167,5,0,0
BRDA:167,5,1,0
BRDA:178,6,0,0
BRDA:178,6,1,0
BRDA:183,7,0,0
BRDA:183,7,1,0
BRDA:218,8,0,0
BRDA:218,8,1,0
BRDA:228,9,0,0
BRDA:228,9,1,0
BRDA:235,10,0,0
BRDA:235,10,1,0
BRDA:245,11,0,0
BRDA:245,11,1,0
BRDA:254,12,0,0
BRDA:254,12,1,0
BRDA:256,13,0,0
BRDA:256,13,1,0
BRF:28
BRH:0
end_of_record
TN:
SF:D:\taro\gulu\src\table\tableColumn.vue
FNF:0
FNH:0
LF:0
LH:0
BRF:0
BRH:0
end_of_record
TN:
SF:D:\taro\gulu\tests\unit\table.spec.js
FN:14,(anonymous_0)
FN:15,(anonymous_1)
FN:18,(anonymous_2)
FNF:3
FNH:2
FNDA:1,(anonymous_0)
FNDA:1,(anonymous_1)
FNDA:0,(anonymous_2)
DA:4,1
DA:11,1
DA:12,1
DA:14,1
DA:15,1
DA:16,1
DA:18,1
DA:19,0
LF:8
LH:7
BRF:0
BRH:0
end_of_record
TN:
SF:D:\taro\gulu\src\tabs\tabs.vue
FN:19,(anonymous_0)
FN:24,(anonymous_1)
FN:29,(anonymous_2)
FN:36,(anonymous_3)
FN:40,(anonymous_4)
FN:45,(anonymous_5)
FN:54,(anonymous_6)
FN:55,(anonymous_7)
FN:57,(anonymous_8)
FNF:9
FNH:9
FNDA:3,(anonymous_0)
FNDA:3,(anonymous_1)
FNDA:3,(anonymous_2)
FNDA:3,(anonymous_3)
FNDA:3,(anonymous_4)
FNDA:3,(anonymous_5)
FNDA:3,(anonymous_6)
FNDA:4,(anonymous_7)
FNDA:6,(anonymous_8)
DA:20,3
DA:25,3
DA:30,3
DA:37,3
DA:41,3
DA:42,3
DA:46,3
DA:47,1
DA:55,3
DA:56,4
DA:57,2
DA:58,6
DA:62,2
LF:13
LH:13
BRDA:46,0,0,1
BRDA:46,0,1,2
BRDA:47,1,0,1
BRDA:47,1,1,1
BRDA:47,1,2,1
BRDA:56,2,0,2
BRDA:56,2,1,2
BRDA:58,3,0,2
BRDA:58,3,1,4
BRDA:59,4,0,6
BRDA:59,4,1,6
BRDA:62,5,0,2
BRDA:62,5,1,2
BRF:13
BRH:13
end_of_record
TN:
SF:D:\taro\gulu\src\tabs\tabsHeader.vue
FN:16,(anonymous_0)
FN:18,(anonymous_1)
FN:23,(anonymous_2)
FN:25,(anonymous_3)
FNF:4
FNH:4
FNDA:2,(anonymous_0)
FNDA:2,(anonymous_1)
FNDA:2,(anonymous_2)
FNDA:2,(anonymous_3)
DA:17,2
DA:19,2
DA:25,2
DA:29,2
DA:35,2
DA:36,2
DA:37,1
DA:38,1
DA:40,1
DA:41,1
LF:10
LH:10
BRDA:17,0,0,2
BRDA:17,0,1,2
BRDA:36,1,0,1
BRDA:36,1,1,1
BRF:4
BRH:4
end_of_record
TN:
SF:D:\taro\gulu\src\tabs\tabsBody.vue
FNF:0
FNH:0
LF:0
LH:0
BRF:0
BRH:0
end_of_record
TN:
SF:D:\taro\gulu\src\tabs\tabsItem.vue
FN:21,(anonymous_0)
FN:27,(anonymous_1)
FN:35,(anonymous_2)
FN:37,(anonymous_3)
FN:42,(anonymous_4)
FNF:5
FNH:5
FNDA:9,(anonymous_0)
FNDA:11,(anonymous_1)
FNDA:9,(anonymous_2)
FNDA:6,(anonymous_3)
FNDA:2,(anonymous_4)
DA:22,9
DA:28,11
DA:36,9
DA:38,6
DA:43,2
DA:44,1
DA:46,1
DA:47,1
LF:8
LH:8
BRDA:36,0,0,9
BRDA:36,0,1,6
BRDA:43,1,0,1
BRDA:43,1,1,1
BRDA:46,2,0,1
BRDA:46,2,1,0
BRF:6
BRH:5
end_of_record
TN:
SF:D:\taro\gulu\src\tabs\tabsPane.vue
FN:17,(anonymous_0)
FN:23,(anonymous_1)
FN:29,(anonymous_2)
FN:31,(anonymous_3)
FNF:4
FNH:4
FNDA:6,(anonymous_0)
FNDA:2,(anonymous_1)
FNDA:6,(anonymous_2)
FNDA:6,(anonymous_3)
DA:18,6
DA:24,2
DA:30,6
DA:32,6
LF:4
LH:4
BRDA:30,0,0,6
BRDA:30,0,1,6
BRF:2
BRH:2
end_of_record
TN:
SF:D:\taro\gulu\tests\unit\tabs.spec.js
FN:20,(anonymous_0)
FN:21,(anonymous_1)
FN:24,(anonymous_2)
FN:44,(anonymous_3)
FN:52,(anonymous_4)
FN:73,(anonymous_5)
FN:79,(anonymous_6)
FN:88,(anonymous_7)
FNF:8
FNH:8
FNDA:1,(anonymous_0)
FNDA:1,(anonymous_1)
FNDA:1,(anonymous_2)
FNDA:1,(anonymous_3)
FNDA:1,(anonymous_4)
FNDA:1,(anonymous_5)
FNDA:1,(anonymous_6)
FNDA:1,(anonymous_7)
DA:4,1
DA:14,1
DA:15,1
DA:16,1
DA:17,1
DA:18,1
DA:20,1
DA:21,1
DA:22,1
DA:24,1
DA:25,1
DA:44,1
DA:45,1
DA:46,1
DA:47,1
DA:49,1
DA:52,1
DA:53,1
DA:73,1
DA:74,1
DA:75,1
DA:76,1
DA:79,1
DA:80,1
DA:88,1
DA:89,1
DA:90,1
LF:27
LH:27
BRF:0
BRH:0
end_of_record
TN:
SF:D:\taro\gulu\tests\unit\tabsItem.spec.js
FN:20,(anonymous_0)
FN:21,(anonymous_1)
FN:24,(anonymous_2)
FN:30,(anonymous_3)
FN:35,(anonymous_4)
FN:46,(anonymous_5)
FN:53,(anonymous_6)
FN:65,(anonymous_7)
FNF:8
FNH:8
FNDA:1,(anonymous_0)
FNDA:1,(anonymous_1)
FNDA:1,(anonymous_2)
FNDA:1,(anonymous_3)
FNDA:1,(anonymous_4)
FNDA:1,(anonymous_5)
FNDA:1,(anonymous_6)
FNDA:1,(anonymous_7)
DA:5,1
DA:14,1
DA:15,1
DA:16,1
DA:17,1
DA:18,1
DA:20,1
DA:21,1
DA:22,1
DA:24,1
DA:25,1
DA:30,1
DA:31,1
DA:32,1
DA:35,1
DA:36,1
DA:37,1
DA:46,1
DA:47,1
DA:48,1
DA:49,1
DA:50,1
DA:53,1
DA:54,1
DA:55,1
DA:65,1
DA:66,1
DA:68,1
LF:28
LH:28
BRF:0
BRH:0
end_of_record
TN:
SF:D:\taro\gulu\src\toast\toast.vue
FN:20,(anonymous_0)
FN:34,(anonymous_1)
FN:48,(anonymous_2)
FN:58,(anonymous_3)
FN:62,(anonymous_4)
FN:66,(anonymous_5)
FN:69,(anonymous_6)
FN:74,(anonymous_7)
FN:80,(anonymous_8)
FNF:9
FNH:9
FNDA:4,(anonymous_0)
FNDA:4,(anonymous_1)
FNDA:4,(anonymous_2)
FNDA:4,(anonymous_3)
FNDA:4,(anonymous_4)
FNDA:4,(anonymous_5)
FNDA:2,(anonymous_6)
FNDA:3,(anonymous_7)
FNDA:1,(anonymous_8)
DA:21,4
DA:35,4
DA:49,4
DA:59,4
DA:63,4
DA:67,4
DA:68,4
DA:69,3
DA:70,2
DA:75,3
DA:76,3
DA:77,3
DA:78,3
DA:81,1
LF:14
LH:14
BRDA:21,0,0,4
BRDA:21,0,1,3
BRDA:67,1,0,3
BRDA:67,1,1,1
BRDA:68,2,0,3
BRDA:68,2,1,1
BRDA:78,3,0,3
BRDA:78,3,1,2
BRF:8
BRH:8
end_of_record
TN:
SF:D:\taro\gulu\tests\unit\toast.spec.js
FN:8,(anonymous_0)
FN:9,(anonymous_1)
FN:12,(anonymous_2)
FN:25,(anonymous_3)
FN:30,(anonymous_4)
FN:45,(anonymous_5)
FN:51,(anonymous_6)
FN:71,(anonymous_7)
FNF:8
FNH:8
FNDA:1,(anonymous_0)
FNDA:1,(anonymous_1)
FNDA:1,(anonymous_2)
FNDA:1,(anonymous_3)
FNDA:1,(anonymous_4)
FNDA:1,(anonymous_5)
FNDA:1,(anonymous_6)
FNDA:1,(anonymous_7)
DA:4,1
DA:8,1
DA:9,1
DA:10,1
DA:12,1
DA:13,1
DA:14,1
DA:25,1
DA:26,1
DA:27,1
DA:30,1
DA:31,1
DA:32,1
DA:33,1
DA:45,1
DA:46,1
DA:47,1
DA:48,1
DA:51,1
DA:52,1
DA:53,1
DA:54,1
DA:67,1
DA:68,1
DA:69,1
DA:71,1
DA:72,1
DA:81,1
LF:28
LH:28
BRF:0
BRH:0
end_of_record
TN:
SF:D:\taro\gulu\src\http.js
FN:1,core
FN:4,(anonymous_1)
FN:7,(anonymous_2)
FN:13,(anonymous_3)
FN:16,(anonymous_4)
FN:19,(anonymous_5)
FN:22,(anonymous_6)
FNF:7
FNH:0
FNDA:0,core
FNDA:0,(anonymous_1)
FNDA:0,(anonymous_2)
FNDA:0,(anonymous_3)
FNDA:0,(anonymous_4)
FNDA:0,(anonymous_5)
FNDA:0,(anonymous_6)
DA:2,0
DA:3,0
DA:4,0
DA:5,0
DA:7,0
DA:8,0
DA:10,0
DA:14,0
DA:17,0
DA:20,0
DA:23,0
LF:11
LH:0
BRDA:5,0,0,0
BRDA:5,0,1,0
BRDA:8,1,0,0
BRDA:8,1,1,0
BRF:4
BRH:0
end_of_record
TN:
SF:D:\taro\gulu\src\uploader\uploader.vue
FN:51,(anonymous_0)
FN:59,(anonymous_1)
FN:64,(anonymous_2)
FN:66,(anonymous_3)
FN:68,(anonymous_4)
FN:74,(anonymous_5)
FN:83,(anonymous_6)
FN:100,(anonymous_7)
FN:104,(anonymous_8)
FN:110,(anonymous_9)
FN:120,(anonymous_10)
FN:127,(anonymous_11)
FN:128,(anonymous_12)
FN:138,(anonymous_13)
FN:139,(anonymous_14)
FN:152,(anonymous_15)
FN:153,(anonymous_16)
FN:161,(anonymous_17)
FN:168,(anonymous_18)
FNF:19
FNH:4
FNDA:0,(anonymous_0)
FNDA:1,(anonymous_1)
FNDA:1,(anonymous_2)
FNDA:1,(anonymous_3)
FNDA:0,(anonymous_4)
FNDA:1,(anonymous_5)
FNDA:0,(anonymous_6)
FNDA:0,(anonymous_7)
FNDA:0,(anonymous_8)
FNDA:0,(anonymous_9)
FNDA:0,(anonymous_10)
FNDA:0,(anonymous_11)
FNDA:0,(anonymous_12)
FNDA:0,(anonymous_13)
FNDA:0,(anonymous_14)
FNDA:0,(anonymous_15)
FNDA:0,(anonymous_16)
FNDA:0,(anonymous_17)
FNDA:0,(anonymous_18)
DA:51,0
DA:60,1
DA:67,1
DA:68,1
DA:69,0
DA:70,0
DA:72,1
DA:75,1
DA:76,1
DA:77,1
DA:78,1
DA:79,1
DA:80,1
DA:81,1
DA:84,0
DA:85,0
DA:86,0
DA:87,0
DA:88,0
DA:89,0
DA:91,0
DA:92,0
DA:94,0
DA:95,0
DA:96,0
DA:97,0
DA:98,0
DA:101,0
DA:102,0
DA:105,0
DA:111,0
DA:112,0
DA:113,0
DA:114,0
DA:115,0
DA:116,0
DA:117,0
DA:120,0
DA:121,0
DA:122,0
DA:124,0
DA:125,0
DA:128,0
DA:129,0
DA:130,0
DA:131,0
DA:132,0
DA:133,0
DA:134,0
DA:135,0
DA:136,0
DA:139,0
DA:140,0
DA:141,0
DA:142,0
DA:143,0
DA:144,0
DA:145,0
DA:147,0
DA:148,0
DA:150,0
DA:153,0
DA:154,0
DA:155,0
DA:156,0
DA:157,0
DA:159,0
DA:162,0
DA:169,0
DA:170,0
DA:171,0
DA:172,0
DA:173,0
DA:174,0
LF:74
LH:11
BRDA:91,0,0,0
BRDA:91,0,1,0
BRDA:115,1,0,0
BRDA:115,1,1,0
BRDA:147,2,0,0
BRDA:147,2,1,0
BRDA:170,3,0,0
BRDA:170,3,1,0
BRF:8
BRH:0
end_of_record
TN:
SF:D:\taro\gulu\tests\unit\uploader.spec.js
FN:11,(anonymous_0)
FN:12,(anonymous_1)
FN:15,(anonymous_2)
FN:16,(anonymous_3)
FN:17,(anonymous_4)
FN:26,(anonymous_5)
FN:36,(anonymous_6)
FN:39,(anonymous_7)
FNF:8
FNH:3
FNDA:1,(anonymous_0)
FNDA:1,(anonymous_1)
FNDA:1,(anonymous_2)
FNDA:0,(anonymous_3)
FNDA:0,(anonymous_4)
FNDA:0,(anonymous_5)
FNDA:0,(anonymous_6)
FNDA:0,(anonymous_7)
DA:4,1
DA:11,1
DA:12,1
DA:13,1
DA:15,1
DA:16,1
DA:17,0
DA:18,0
DA:21,1
DA:27,0
DA:28,0
DA:37,0
DA:40,0
DA:41,0
DA:42,0
DA:43,0
DA:47,1
DA:48,1
DA:49,1
DA:50,1
DA:52,1
DA:53,1
DA:54,1
DA:58,1
LF:24
LH:15
BRF:0
BRH:0
end_of_record
TN:
SF:D:\taro\gulu\src\validate.js
FN:2,(anonymous_0)
FN:3,(anonymous_1)
FN:6,(anonymous_2)
FN:8,(anonymous_3)
FN:19,(anonymous_4)
FN:21,(anonymous_5)
FN:35,(anonymous_6)
FN:40,(anonymous_7)
FN:43,(anonymous_8)
FN:60,(anonymous_9)
FN:66,(anonymous_10)
FN:73,ensureArray
FNF:12
FNH:12
FNDA:16,(anonymous_0)
FNDA:1,(anonymous_1)
FNDA:16,(anonymous_2)
FNDA:16,(anonymous_3)
FNDA:35,(anonymous_4)
FNDA:14,(anonymous_5)
FNDA:9,(anonymous_6)
FNDA:1,(anonymous_7)
FNDA:6,(anonymous_8)
FNDA:1,(anonymous_9)
FNDA:1,(anonymous_10)
FNDA:12,ensureArray
DA:4,1
DA:7,16
DA:8,16
DA:9,16
DA:10,16
DA:11,9
DA:12,9
DA:13,2
DA:14,2
DA:15,2
DA:18,14
DA:19,35
DA:21,14
DA:22,14
DA:23,14
DA:24,12
DA:25,10
DA:26,10
DA:29,0
DA:33,14
DA:36,9
DA:37,2
DA:41,1
DA:44,6
DA:45,2
DA:47,6
DA:48,1
DA:50,6
DA:51,0
DA:53,6
DA:54,0
DA:56,6
DA:57,4
DA:61,1
DA:62,1
DA:67,1
DA:68,1
DA:74,12
DA:75,11
LF:39
LH:36
BRDA:10,0,0,9
BRDA:10,0,1,7
BRDA:12,1,0,2
BRDA:12,1,1,7
BRDA:19,2,0,35
BRDA:19,2,1,21
BRDA:22,3,0,14
BRDA:22,3,1,0
BRDA:24,4,0,10
BRDA:24,4,1,2
BRDA:36,5,0,2
BRDA:36,5,1,7
BRDA:36,6,0,9
BRDA:36,6,1,3
BRDA:44,7,0,2
BRDA:44,7,1,4
BRDA:47,8,0,1
BRDA:47,8,1,5
BRDA:50,9,0,0
BRDA:50,9,1,6
BRDA:53,10,0,0
BRDA:53,10,1,6
BRDA:56,11,0,4
BRDA:56,11,1,2
BRDA:61,12,0,1
BRDA:61,12,1,0
BRDA:67,13,0,1
BRDA:67,13,1,0
BRDA:74,14,0,11
BRDA:74,14,1,1
BRF:30
BRH:25
end_of_record
TN:
SF:D:\taro\gulu\tests\unit\validate.spec.js
FN:7,(anonymous_0)
FN:8,(anonymous_1)
FN:11,(anonymous_2)
FN:20,(anonymous_3)
FN:29,(anonymous_4)
FN:38,(anonymous_5)
FN:47,(anonymous_6)
FN:56,(anonymous_7)
FN:65,(anonymous_8)
FN:74,(anonymous_9)
FN:84,(anonymous_10)
FN:93,(anonymous_11)
FN:103,(anonymous_12)
FN:109,(anonymous_13)
FN:114,(anonymous_14)
FN:120,(anonymous_15)
FN:126,(anonymous_16)
FN:132,(anonymous_17)
FN:139,(anonymous_18)
FN:144,(anonymous_19)
FN:147,(anonymous_20)
FN:151,(anonymous_21)
FN:156,(anonymous_22)
FN:163,(anonymous_23)
FN:166,(anonymous_24)
FNF:25
FNH:25
FNDA:1,(anonymous_0)
FNDA:1,(anonymous_1)
FNDA:1,(anonymous_2)
FNDA:1,(anonymous_3)
FNDA:1,(anonymous_4)
FNDA:1,(anonymous_5)
FNDA:1,(anonymous_6)
FNDA:1,(anonymous_7)
FNDA:1,(anonymous_8)
FNDA:1,(anonymous_9)
FNDA:1,(anonymous_10)
FNDA:1,(anonymous_11)
FNDA:1,(anonymous_12)
FNDA:1,(anonymous_13)
FNDA:1,(anonymous_14)
FNDA:1,(anonymous_15)
FNDA:1,(anonymous_16)
FNDA:1,(anonymous_17)
FNDA:1,(anonymous_18)
FNDA:1,(anonymous_19)
FNDA:1,(anonymous_20)
FNDA:1,(anonymous_21)
FNDA:2,(anonymous_22)
FNDA:1,(anonymous_23)
FNDA:1,(anonymous_24)
DA:3,1
DA:7,1
DA:8,1
DA:9,1
DA:11,1
DA:12,1
DA:15,1
DA:16,1
DA:17,1
DA:18,1
DA:20,1
DA:21,1
DA:24,1
DA:25,1
DA:26,1
DA:27,1
DA:29,1
DA:30,1
DA:33,1
DA:34,1
DA:35,1
DA:36,1
DA:38,1
DA:39,1
DA:42,1
DA:43,1
DA:44,1
DA:45,1
DA:47,1
DA:48,1
DA:51,1
DA:52,1
DA:53,1
DA:54,1
DA:56,1
DA:57,1
DA:60,1
DA:61,1
DA:62,1
DA:63,1
DA:65,1
DA:66,1
DA:69,1
DA:70,1
DA:71,1
DA:72,1
DA:74,1
DA:75,1
DA:78,1
DA:79,1
DA:80,1
DA:81,1
DA:82,1
DA:84,1
DA:85,1
DA:88,1
DA:89,1
DA:90,1
DA:91,1
DA:93,1
DA:94,1
DA:97,1
DA:98,1
DA:99,1
DA:100,1
DA:101,1
DA:103,1
DA:104,1
DA:107,1
DA:108,1
DA:109,1
DA:110,1
DA:112,1
DA:114,1
DA:115,1
DA:118,1
DA:119,1
DA:120,1
DA:121,1
DA:122,1
DA:126,1
DA:127,1
DA:129,1
DA:130,1
DA:132,1
DA:133,1
DA:136,1
DA:137,1
DA:138,1
DA:139,1
DA:140,1
DA:141,1
DA:144,1
DA:145,1
DA:147,1
DA:148,1
DA:151,1
DA:152,1
DA:155,1
DA:156,1
DA:157,2
DA:158,2
DA:161,1
DA:162,1
DA:163,1
DA:164,1
DA:166,1
DA:167,1
LF:108
LH:108
BRDA:121,0,0,1
BRDA:121,0,1,0
BRDA:140,1,0,1
BRDA:140,1,1,0
BRDA:157,2,0,2
BRDA:157,2,1,0
BRF:6
BRH:3
end_of_record
